Copyright 1986-2018 Xilinx, Inc. All Rights Reserved.
------------------------------------------------------------------------------------
| Tool Version : Vivado v.2018.2 (win64) Build 2258646 Thu Jun 14 20:03:12 MDT 2018
| Date         : Wed Jan 30 18:06:53 2019
| Host         : AsusP8 running 64-bit major release  (build 9200)
| Command      : upgrade_ip
| Device       : xc7z020clg484-1
------------------------------------------------------------------------------------

Upgrade Log for IP 'design_1_axi_gyro_hsi_0_0'

1. Summary
----------

SUCCESS in the upgrade of design_1_axi_gyro_hsi_0_0 (xilinx.com:user:axi_gyro_hsi:1.0) from (Rev. 24) to (Rev. 25)






Copyright 1986-2018 Xilinx, Inc. All Rights Reserved.
------------------------------------------------------------------------------------
| Tool Version : Vivado v.2018.2 (win64) Build 2258646 Thu Jun 14 20:03:12 MDT 2018
| Date         : Wed Jan 30 17:03:18 2019
| Host         : AsusP8 running 64-bit major release  (build 9200)
| Command      : upgrade_ip
| Device       : xc7z020clg484-1
------------------------------------------------------------------------------------

Upgrade Log for IP 'design_1_axi_gyro_hsi_0_0'

1. Summary
----------

SUCCESS in the upgrade of design_1_axi_gyro_hsi_0_0 (xilinx.com:user:axi_gyro_hsi:1.0) from (Rev. 23) to (Rev. 24)






Copyright 1986-2018 Xilinx, Inc. All Rights Reserved.
------------------------------------------------------------------------------------
| Tool Version : Vivado v.2018.2 (win64) Build 2258646 Thu Jun 14 20:03:12 MDT 2018
| Date         : Wed Jan 30 15:46:28 2019
| Host         : AsusP8 running 64-bit major release  (build 9200)
| Command      : upgrade_ip
| Device       : xc7z020clg484-1
------------------------------------------------------------------------------------

Upgrade Log for IP 'design_1_axi_gyro_hsi_0_0'

1. Summary
----------

SUCCESS in the upgrade of design_1_axi_gyro_hsi_0_0 (xilinx.com:user:axi_gyro_hsi:1.0) from (Rev. 22) to (Rev. 23)






Copyright 1986-2018 Xilinx, Inc. All Rights Reserved.
------------------------------------------------------------------------------------
| Tool Version : Vivado v.2018.2 (win64) Build 2258646 Thu Jun 14 20:03:12 MDT 2018
| Date         : Wed Jan 30 14:53:14 2019
| Host         : AsusP8 running 64-bit major release  (build 9200)
| Command      : upgrade_ip
| Device       : xc7z020clg484-1
------------------------------------------------------------------------------------

Upgrade Log for IP 'design_1_axi_gyro_hsi_0_0'

1. Summary
----------

SUCCESS in the upgrade of design_1_axi_gyro_hsi_0_0 (xilinx.com:user:axi_gyro_hsi:1.0) from (Rev. 21) to (Rev. 22)






Copyright 1986-2018 Xilinx, Inc. All Rights Reserved.
------------------------------------------------------------------------------------
| Tool Version : Vivado v.2018.2 (win64) Build 2258646 Thu Jun 14 20:03:12 MDT 2018
| Date         : Wed Jan 30 14:46:38 2019
| Host         : AsusP8 running 64-bit major release  (build 9200)
| Command      : upgrade_ip
| Device       : xc7z020clg484-1
------------------------------------------------------------------------------------

Upgrade Log for IP 'design_1_axi_gyro_hsi_0_0'

1. Summary
----------

SUCCESS in the upgrade of design_1_axi_gyro_hsi_0_0 (xilinx.com:user:axi_gyro_hsi:1.0) from (Rev. 20) to (Rev. 21)






Copyright 1986-2018 Xilinx, Inc. All Rights Reserved.
------------------------------------------------------------------------------------
| Tool Version : Vivado v.2018.2 (win64) Build 2258646 Thu Jun 14 20:03:12 MDT 2018
| Date         : Wed Jan 30 14:37:44 2019
| Host         : AsusP8 running 64-bit major release  (build 9200)
| Command      : upgrade_ip
| Device       : xc7z020clg484-1
------------------------------------------------------------------------------------

Upgrade Log for IP 'design_1_axi_gyro_hsi_0_0'

1. Summary
----------

SUCCESS in the upgrade of design_1_axi_gyro_hsi_0_0 (xilinx.com:user:axi_gyro_hsi:1.0) from (Rev. 19) to (Rev. 20)

