Copyright 1986-2018 Xilinx, Inc. All Rights Reserved.
----------------------------------------------------------------------------------------------
| Tool Version : Vivado v.2018.2 (win64) Build 2258646 Thu Jun 14 20:03:12 MDT 2018
| Date         : Tue Feb  5 20:07:02 2019
| Host         : DESKTOP-KC9HGNO running 64-bit major release  (build 9200)
| Command      : report_clock_utilization -file design_1_wrapper_clock_utilization_routed.rpt
| Design       : design_1_wrapper
| Device       : 7z020-clg484
| Speed File   : -1  PRODUCTION 1.11 2014-09-11
----------------------------------------------------------------------------------------------

Clock Utilization Report

Table of Contents
-----------------
1. Clock Primitive Utilization
2. Global Clock Resources
3. Global Clock Source Details
4. Local Clock Details
5. Clock Regions: Key Resource Utilization
6. Clock Regions : Global Clock Summary
7. Device Cell Placement Summary for Global Clock g0
8. Device Cell Placement Summary for Global Clock g1
9. Clock Region Cell Placement per Global Clock: Region X0Y0
10. Clock Region Cell Placement per Global Clock: Region X1Y0
11. Clock Region Cell Placement per Global Clock: Region X0Y1
12. Clock Region Cell Placement per Global Clock: Region X1Y1
13. Clock Region Cell Placement per Global Clock: Region X0Y2
14. Clock Region Cell Placement per Global Clock: Region X1Y2

1. Clock Primitive Utilization
------------------------------

+----------+------+-----------+-----+--------------+--------+
| Type     | Used | Available | LOC | Clock Region | Pblock |
+----------+------+-----------+-----+--------------+--------+
| BUFGCTRL |    2 |        32 |   0 |            0 |      0 |
| BUFH     |    0 |        72 |   0 |            0 |      0 |
| BUFIO    |    0 |        16 |   0 |            0 |      0 |
| BUFMR    |    0 |         8 |   0 |            0 |      0 |
| BUFR     |    0 |        16 |   0 |            0 |      0 |
| MMCM     |    0 |         4 |   0 |            0 |      0 |
| PLL      |    0 |         4 |   0 |            0 |      0 |
+----------+------+-----------+-----+--------------+--------+


2. Global Clock Resources
-------------------------

+-----------+-----------+-----------------+------------+----------------+--------------+-------------------+-------------+-----------------+--------------+------------+----------------------------------------------------------------------------------------------------------------+---------------------------------------------------------------------------------------------------------+
| Global Id | Source Id | Driver Type/Pin | Constraint | Site           | Clock Region | Load Clock Region | Clock Loads | Non-Clock Loads | Clock Period | Clock      | Driver Pin                                                                                                     | Net                                                                                                     |
+-----------+-----------+-----------------+------------+----------------+--------------+-------------------+-------------+-----------------+--------------+------------+----------------------------------------------------------------------------------------------------------------+---------------------------------------------------------------------------------------------------------+
| g0        | src0      | BUFG/O          | None       | BUFGCTRL_X0Y16 | n/a          |                 5 |        9303 |               0 |       10.000 | clk_fpga_0 | design_1_i/processing_system7_0/inst/buffer_fclk_clk_0.FCLK_CLK_0_BUFG/O                                       | design_1_i/processing_system7_0/inst/FCLK_CLK0                                                          |
| g1        | src1      | BUFG/O          | None       | BUFGCTRL_X0Y0  | n/a          |                 3 |          64 |               4 |              |            | design_1_i/axi_gyro_hsi_0/inst/axi_gyro_hsi_v1_0_S00_AXI_inst/GYRO_ADC_OUT_STREAM/CLK_DIV2/ff0/MCK_BUFG_inst/O | design_1_i/axi_gyro_hsi_0/inst/axi_gyro_hsi_v1_0_S00_AXI_inst/GYRO_ADC_OUT_STREAM/CLK_DIV2/ff0/MCK_BUFG |
+-----------+-----------+-----------------+------------+----------------+--------------+-------------------+-------------+-----------------+--------------+------------+----------------------------------------------------------------------------------------------------------------+---------------------------------------------------------------------------------------------------------+
* Clock Loads column represents the clock pin loads (pin count)
** Non-Clock Loads column represents the non-clock pin loads (pin count)


3. Global Clock Source Details
------------------------------

+-----------+-----------+-----------------+------------+--------------+--------------+-------------+-----------------+---------------------+--------------+--------------------------------------------------------------------------------------------------------+----------------------------------------------------------------------------------------------------+
| Source Id | Global Id | Driver Type/Pin | Constraint | Site         | Clock Region | Clock Loads | Non-Clock Loads | Source Clock Period | Source Clock | Driver Pin                                                                                             | Net                                                                                                |
+-----------+-----------+-----------------+------------+--------------+--------------+-------------+-----------------+---------------------+--------------+--------------------------------------------------------------------------------------------------------+----------------------------------------------------------------------------------------------------+
| src0      | g0        | PS7/FCLKCLK[0]  | PS7_X0Y0   | PS7_X0Y0     | X0Y2         |           1 |               0 |              10.000 | clk_fpga_0   | design_1_i/processing_system7_0/inst/PS7_i/FCLKCLK[0]                                                  | design_1_i/processing_system7_0/inst/FCLK_CLK_unbuffered[0]                                        |
| src1      | g1        | FDCE/Q          | None       | SLICE_X50Y88 | X1Y1         |           1 |               0 |                     |              | design_1_i/axi_gyro_hsi_0/inst/axi_gyro_hsi_v1_0_S00_AXI_inst/GYRO_ADC_OUT_STREAM/CLK_DIV2/ff0/Q_reg/Q | design_1_i/axi_gyro_hsi_0/inst/axi_gyro_hsi_v1_0_S00_AXI_inst/GYRO_ADC_OUT_STREAM/CLK_DIV2/ff0/MCK |
+-----------+-----------+-----------------+------------+--------------+--------------+-------------+-----------------+---------------------+--------------+--------------------------------------------------------------------------------------------------------+----------------------------------------------------------------------------------------------------+
* Clock Loads column represents the clock pin loads (pin count)
** Non-Clock Loads column represents the non-clock pin loads (pin count)


4. Local Clock Details
----------------------

+----------+-----------------+------------+-------------------+--------------+-------------+-----------------+--------------+-------+--------------------------------------------------------------------------------------------------------------------------------------+-------------------------------------------------------------------------------------------------------------------+
| Local Id | Driver Type/Pin | Constraint | Site/BEL          | Clock Region | Clock Loads | Non-Clock Loads | Clock Period | Clock | Driver Pin                                                                                                                           | Net                                                                                                               |
+----------+-----------------+------------+-------------------+--------------+-------------+-----------------+--------------+-------+--------------------------------------------------------------------------------------------------------------------------------------+-------------------------------------------------------------------------------------------------------------------||
| 0        | FDRE/Q          | None       | SLICE_X49Y104/AFF | X0Y2         |          57 |               5 |              |       | design_1_i/axi_gyro_hsi_0/inst/axi_gyro_hsi_v1_0_S00_AXI_inst/GYRO_ADC_OUT_STREAM/GYRO_StreamGenerator/FSM/FSM_onehot_state_reg[4]/Q | design_1_i/axi_gyro_hsi_0/inst/axi_gyro_hsi_v1_0_S00_AXI_inst/GYRO_ADC_OUT_STREAM/GYRO_StreamGenerator/FSM/out[1] - Static -
| 1        | FDRE/Q          | None       | SLICE_X56Y87/AFF  | X1Y1         |          49 |               2 |              |       | design_1_i/SPI_ip_0/inst/SPI_ip_v1_0_S00_AXI_inst/user_SPI_Block/FSM/FSM_onehot_state_reg[3]/Q                                       | design_1_i/SPI_ip_0/inst/SPI_ip_v1_0_S00_AXI_inst/user_SPI_Block/FSM/out[0]                                       - Static -
| 2        | LDCE/Q          | None       | SLICE_X48Y104/AFF | X0Y2         |          18 |               0 |              |       | design_1_i/axi_gyro_hsi_0/inst/axi_gyro_hsi_v1_0_S00_AXI_inst/GYRO_ADC_OUT_STREAM/GYRO_StreamGenerator/FSM/load_state_data_reg/Q     | design_1_i/axi_gyro_hsi_0/inst/axi_gyro_hsi_v1_0_S00_AXI_inst/GYRO_ADC_OUT_STREAM/GYRO_StreamGenerator/FSM/CLK    - Static -
| 3        | FDCE/Q          | None       | SLICE_X51Y102/AFF | X1Y2         |          16 |               2 |              |       | design_1_i/axi_gyro_hsi_0/inst/axi_gyro_hsi_v1_0_S00_AXI_inst/GYRO_ADC_OUT_STREAM/GYRO_Tokenizer/FF1/Q_reg/Q                         | design_1_i/axi_gyro_hsi_0/inst/axi_gyro_hsi_v1_0_S00_AXI_inst/GYRO_ADC_OUT_STREAM/GYRO_Tokenizer/FF1/valid_out    - Static -
| 4        | FDRE/Q          | None       | SLICE_X55Y86/AFF  | X1Y1         |           7 |               2 |              |       | design_1_i/SPI_ip_0/inst/SPI_ip_v1_0_S00_AXI_inst/user_SPI_Block/FSM/FSM_onehot_state_reg[5]/Q                                       | design_1_i/SPI_ip_0/inst/SPI_ip_v1_0_S00_AXI_inst/user_SPI_Block/FSM/out[2]                                       - Static -
| 5        | FDCE/Q          | None       | SLICE_X57Y87/AFF  | X1Y1         |           1 |               2 |              |       | design_1_i/SPI_ip_0/inst/SPI_ip_v1_0_S00_AXI_inst/user_SPI_Block/CLOCKDIV/ff0/Q_reg/Q                                                | design_1_i/SPI_ip_0/inst/SPI_ip_v1_0_S00_AXI_inst/user_SPI_Block/CLOCKDIV/ff0/Q_int_0                             - Static -
| 6        | FDCE/Q          | None       | SLICE_X55Y87/AFF  | X1Y1         |           1 |               2 |              |       | design_1_i/SPI_ip_0/inst/SPI_ip_v1_0_S00_AXI_inst/user_SPI_Block/CLOCKDIV/ff1/Q_reg/Q                                                | design_1_i/SPI_ip_0/inst/SPI_ip_v1_0_S00_AXI_inst/user_SPI_Block/CLOCKDIV/ff1/Q_int_1                             - Static -
| 7        | FDCE/Q          | None       | SLICE_X54Y88/AFF  | X1Y1         |           1 |               2 |              |       | design_1_i/SPI_ip_0/inst/SPI_ip_v1_0_S00_AXI_inst/user_SPI_Block/CLOCKDIV/ff2/Q_reg/Q                                                | design_1_i/SPI_ip_0/inst/SPI_ip_v1_0_S00_AXI_inst/user_SPI_Block/CLOCKDIV/ff2/Q_int_2                             - Static -
| 8        | FDCE/Q          | None       | SLICE_X55Y88/AFF  | X1Y1         |           1 |               2 |              |       | design_1_i/SPI_ip_0/inst/SPI_ip_v1_0_S00_AXI_inst/user_SPI_Block/CLOCKDIV/ff3/Q_reg/Q                                                | design_1_i/SPI_ip_0/inst/SPI_ip_v1_0_S00_AXI_inst/user_SPI_Block/CLOCKDIV/ff3/Q_int_3                             - Static -
| 9        | FDCE/Q          | None       | SLICE_X57Y88/AFF  | X1Y1         |           1 |               2 |              |       | design_1_i/SPI_ip_0/inst/SPI_ip_v1_0_S00_AXI_inst/user_SPI_Block/CLOCKDIV/ff4/Q_reg/Q                                                | design_1_i/SPI_ip_0/inst/SPI_ip_v1_0_S00_AXI_inst/user_SPI_Block/CLOCKDIV/ff4/Q_int_4                             - Static -
| 10       | FDCE/Q          | None       | SLICE_X57Y89/AFF  | X1Y1         |           1 |               2 |              |       | design_1_i/SPI_ip_0/inst/SPI_ip_v1_0_S00_AXI_inst/user_SPI_Block/CLOCKDIV/ff5/Q_reg/Q                                                | design_1_i/SPI_ip_0/inst/SPI_ip_v1_0_S00_AXI_inst/user_SPI_Block/CLOCKDIV/ff5/Q_int_5                             - Static -
| 11       | FDCE/Q          | None       | SLICE_X56Y89/AFF  | X1Y1         |           1 |               2 |              |       | design_1_i/SPI_ip_0/inst/SPI_ip_v1_0_S00_AXI_inst/user_SPI_Block/CLOCKDIV/ff6/Q_reg/Q                                                | design_1_i/SPI_ip_0/inst/SPI_ip_v1_0_S00_AXI_inst/user_SPI_Block/CLOCKDIV/ff6/Q_int_6                             - Static -
+----------+-----------------+------------+-------------------+--------------+-------------+-----------------+--------------+-------+--------------------------------------------------------------------------------------------------------------------------------------+-------------------------------------------------------------------------------------------------------------------||
* Local Clocks in this context represents only clocks driven by non-global buffers
** Clock Loads column represents the clock pin loads (pin count)
*** Non-Clock Loads column represents the non-clock pin loads (pin count)


5. Clock Regions: Key Resource Utilization
------------------------------------------

+-------------------+--------------+--------------+--------------+--------------+--------------+--------------+--------------+--------------+--------------+--------------+--------------+--------------+--------------+--------------+--------------+
|                   | Global Clock |     BUFRs    |    BUFMRs    |    BUFIOs    |     MMCM     |      PLL     |      GT      |      PCI     |    ILOGIC    |    OLOGIC    |      FF      |     LUTM     |    RAMB18    |    RAMB36    |    DSP48E2   |
+-------------------+------+-------+------+-------+------+-------+------+-------+------+-------+------+-------+------+-------+------+-------+------+-------+------+-------+------+-------+------+-------+------+-------+------+-------+------+-------+
| Clock Region Name | Used | Avail | Used | Avail | Used | Avail | Used | Avail | Used | Avail | Used | Avail | Used | Avail | Used | Avail | Used | Avail | Used | Avail | Used | Avail | Used | Avail | Used | Avail | Used | Avail | Used | Avail |
+-------------------+------+-------+------+-------+------+-------+------+-------+------+-------+------+-------+------+-------+------+-------+------+-------+------+-------+------+-------+------+-------+------+-------+------+-------+------+-------+
| X0Y0              |    1 |    12 |    0 |     4 |    0 |     2 |    0 |     4 |    0 |     1 |    0 |     1 |    0 |     0 |    0 |     0 |    0 |    50 |    0 |    50 | 2123 |  2500 |  942 |  1000 |    0 |    60 |    2 |    30 |    0 |    60 |
| X1Y0              |    1 |    12 |    0 |     4 |    0 |     2 |    0 |     4 |    0 |     1 |    0 |     1 |    0 |     0 |    0 |     0 |    0 |    50 |    0 |    50 | 1650 |  3200 |  492 |   850 |    0 |    60 |    4 |    30 |    0 |    40 |
| X0Y1              |    1 |    12 |    0 |     0 |    0 |     0 |    0 |     0 |    0 |     0 |    0 |     0 |    0 |     0 |    0 |     0 |    0 |     0 |    0 |     0 | 3090 |  1200 | 1183 |   400 |    0 |    20 |    0 |    10 |    0 |    20 |
| X1Y1              |    2 |    12 |    0 |     4 |    0 |     2 |    0 |     4 |    0 |     1 |    0 |     1 |    0 |     0 |    0 |     0 |    0 |    50 |    0 |    50 | 1783 |  2600 |  619 |   850 |    0 |    60 |    0 |    30 |    0 |    40 |
| X0Y2              |    2 |    12 |    0 |     0 |    0 |     0 |    0 |     0 |    0 |     0 |    0 |     0 |    0 |     0 |    0 |     0 |    0 |     0 |    0 |     0 |  354 |  1200 |  124 |   400 |    0 |    20 |    0 |    10 |    0 |    20 |
| X1Y2              |    1 |    12 |    0 |     4 |    0 |     2 |    0 |     4 |    0 |     1 |    0 |     1 |    0 |     0 |    0 |     0 |    0 |    50 |    0 |    50 |   63 |  2600 |   14 |   850 |    0 |    60 |    0 |    30 |    0 |    40 |
+-------------------+------+-------+------+-------+------+-------+------+-------+------+-------+------+-------+------+-------+------+-------+------+-------+------+-------+------+-------+------+-------+------+-------+------+-------+------+-------+
* Global Clock column represents track count; while other columns represents cell counts


6. Clock Regions : Global Clock Summary
---------------------------------------

All Modules
+----+----+----+
|    | X0 | X1 |
+----+----+----+
| Y2 |  2 |  1 |
| Y1 |  1 |  2 |
| Y0 |  1 |  1 |
+----+----+----+


7. Device Cell Placement Summary for Global Clock g0
----------------------------------------------------

+-----------+-----------------+-------------------+------------+-------------+---------------+-------------+----------+----------------+----------+------------------------------------------------+
| Global Id | Driver Type/Pin | Driver Region (D) | Clock      | Period (ns) | Waveform (ns) | Slice Loads | IO Loads | Clocking Loads | GT Loads | Net                                            |
+-----------+-----------------+-------------------+------------+-------------+---------------+-------------+----------+----------------+----------+------------------------------------------------+
| g0        | BUFG/O          | n/a               | clk_fpga_0 |      10.000 | {0.000 5.000} |        9137 |        0 |              0 |        0 | design_1_i/processing_system7_0/inst/FCLK_CLK0 |
+-----------+-----------------+-------------------+------------+-------------+---------------+-------------+----------+----------------+----------+------------------------------------------------+
* Logic Loads column represents load cell count of all cell types other than IO, GT and clock resources
** IO Loads column represents load cell count of IO types
*** Clocking Loads column represents load cell count that are clock resources (global clock buffer, MMCM, PLL, etc)
**** GT Loads column represents load cell count of GT types


+----+-------+-------+
|    | X0    | X1    |
+----+-------+-------+
| Y2 |   298 |     0 |
| Y1 |  3153 |  1804 |
| Y0 |  2137 |  1745 |
+----+-------+-------+


8. Device Cell Placement Summary for Global Clock g1
----------------------------------------------------

+-----------+-----------------+-------------------+-------+-------------+---------------+-------------+----------+----------------+----------+---------------------------------------------------------------------------------------------------------+
| Global Id | Driver Type/Pin | Driver Region (D) | Clock | Period (ns) | Waveform (ns) | Slice Loads | IO Loads | Clocking Loads | GT Loads | Net                                                                                                     |
+-----------+-----------------+-------------------+-------+-------------+---------------+-------------+----------+----------------+----------+---------------------------------------------------------------------------------------------------------+
| g1        | BUFG/O          | n/a               |       |             |               |          67 |        1 |              0 |        0 | design_1_i/axi_gyro_hsi_0/inst/axi_gyro_hsi_v1_0_S00_AXI_inst/GYRO_ADC_OUT_STREAM/CLK_DIV2/ff0/MCK_BUFG |
+-----------+-----------------+-------------------+-------+-------------+---------------+-------------+----------+----------------+----------+---------------------------------------------------------------------------------------------------------+
* Logic Loads column represents load cell count of all cell types other than IO, GT and clock resources
** IO Loads column represents load cell count of IO types
*** Clocking Loads column represents load cell count that are clock resources (global clock buffer, MMCM, PLL, etc)
**** GT Loads column represents load cell count of GT types


+----+-----+----+
|    | X0  | X1 |
+----+-----+----+
| Y2 |  58 |  2 |
| Y1 |   0 |  8 |
| Y0 |   0 |  0 |
+----+-----+----+


9. Clock Region Cell Placement per Global Clock: Region X0Y0
------------------------------------------------------------

+-----------+-------+-----------------+------------+-------------+-----------------+------+--------+------+-----+----+------+-----+---------+------------------------------------------------+
| Global Id | Track | Driver Type/Pin | Constraint | Clock Loads | Non-Clock Loads | FF   | LUTRAM | RAMB | DSP | GT | MMCM | PLL | Hard IP | Net                                            |
+-----------+-------+-----------------+------------+-------------+-----------------+------+--------+------+-----+----+------+-----+---------+------------------------------------------------+
| g0        | n/a   | BUFG/O          | None       |        2137 |               0 | 2123 |     12 |    2 |   0 |  0 |    0 |   0 |       0 | design_1_i/processing_system7_0/inst/FCLK_CLK0 |
+-----------+-------+-----------------+------------+-------------+-----------------+------+--------+------+-----+----+------+-----+---------+------------------------------------------------+
* Clock Loads column represents the clock pin loads (pin count)
** Non-Clock Loads column represents the non-clock pin loads (pin count)
*** Columns FF, LUTRAM, RAMB through 'Hard IP' represents load cell counts


10. Clock Region Cell Placement per Global Clock: Region X1Y0
-------------------------------------------------------------

+-----------+-------+-----------------+------------+-------------+-----------------+------+--------+------+-----+----+------+-----+---------+------------------------------------------------+
| Global Id | Track | Driver Type/Pin | Constraint | Clock Loads | Non-Clock Loads | FF   | LUTRAM | RAMB | DSP | GT | MMCM | PLL | Hard IP | Net                                            |
+-----------+-------+-----------------+------------+-------------+-----------------+------+--------+------+-----+----+------+-----+---------+------------------------------------------------+
| g0        | n/a   | BUFG/O          | None       |        1745 |               0 | 1650 |     91 |    4 |   0 |  0 |    0 |   0 |       0 | design_1_i/processing_system7_0/inst/FCLK_CLK0 |
+-----------+-------+-----------------+------------+-------------+-----------------+------+--------+------+-----+----+------+-----+---------+------------------------------------------------+
* Clock Loads column represents the clock pin loads (pin count)
** Non-Clock Loads column represents the non-clock pin loads (pin count)
*** Columns FF, LUTRAM, RAMB through 'Hard IP' represents load cell counts


11. Clock Region Cell Placement per Global Clock: Region X0Y1
-------------------------------------------------------------

+-----------+-------+-----------------+------------+-------------+-----------------+------+--------+------+-----+----+------+-----+---------+------------------------------------------------+
| Global Id | Track | Driver Type/Pin | Constraint | Clock Loads | Non-Clock Loads | FF   | LUTRAM | RAMB | DSP | GT | MMCM | PLL | Hard IP | Net                                            |
+-----------+-------+-----------------+------------+-------------+-----------------+------+--------+------+-----+----+------+-----+---------+------------------------------------------------+
| g0        | n/a   | BUFG/O          | None       |        3153 |               0 | 3078 |     75 |    0 |   0 |  0 |    0 |   0 |       0 | design_1_i/processing_system7_0/inst/FCLK_CLK0 |
+-----------+-------+-----------------+------------+-------------+-----------------+------+--------+------+-----+----+------+-----+---------+------------------------------------------------+
* Clock Loads column represents the clock pin loads (pin count)
** Non-Clock Loads column represents the non-clock pin loads (pin count)
*** Columns FF, LUTRAM, RAMB through 'Hard IP' represents load cell counts


12. Clock Region Cell Placement per Global Clock: Region X1Y1
-------------------------------------------------------------

+-----------+-------+-----------------+------------+-------------+-----------------+------+--------+------+-----+----+------+-----+---------+---------------------------------------------------------------------------------------------------------+
| Global Id | Track | Driver Type/Pin | Constraint | Clock Loads | Non-Clock Loads | FF   | LUTRAM | RAMB | DSP | GT | MMCM | PLL | Hard IP | Net                                                                                                     |
+-----------+-------+-----------------+------------+-------------+-----------------+------+--------+------+-----+----+------+-----+---------+---------------------------------------------------------------------------------------------------------+
| g0        | n/a   | BUFG/O          | None       |        1804 |               0 | 1717 |     87 |    0 |   0 |  0 |    0 |   0 |       0 | design_1_i/processing_system7_0/inst/FCLK_CLK0                                                          |
| g1        | n/a   | BUFG/O          | None       |           4 |               4 |    4 |      0 |    0 |   0 |  0 |    0 |   0 |       0 | design_1_i/axi_gyro_hsi_0/inst/axi_gyro_hsi_v1_0_S00_AXI_inst/GYRO_ADC_OUT_STREAM/CLK_DIV2/ff0/MCK_BUFG |
+-----------+-------+-----------------+------------+-------------+-----------------+------+--------+------+-----+----+------+-----+---------+---------------------------------------------------------------------------------------------------------+
* Clock Loads column represents the clock pin loads (pin count)
** Non-Clock Loads column represents the non-clock pin loads (pin count)
*** Columns FF, LUTRAM, RAMB through 'Hard IP' represents load cell counts


13. Clock Region Cell Placement per Global Clock: Region X0Y2
-------------------------------------------------------------

+-----------+-------+-----------------+------------+-------------+-----------------+-----+--------+------+-----+----+------+-----+---------+---------------------------------------------------------------------------------------------------------+
| Global Id | Track | Driver Type/Pin | Constraint | Clock Loads | Non-Clock Loads | FF  | LUTRAM | RAMB | DSP | GT | MMCM | PLL | Hard IP | Net                                                                                                     |
+-----------+-------+-----------------+------------+-------------+-----------------+-----+--------+------+-----+----+------+-----+---------+---------------------------------------------------------------------------------------------------------+
| g0        | n/a   | BUFG/O          | None       |         298 |               0 | 278 |     19 |    0 |   0 |  0 |    0 |   0 |       0 | design_1_i/processing_system7_0/inst/FCLK_CLK0                                                          |
| g1        | n/a   | BUFG/O          | None       |          58 |               0 |  58 |      0 |    0 |   0 |  0 |    0 |   0 |       0 | design_1_i/axi_gyro_hsi_0/inst/axi_gyro_hsi_v1_0_S00_AXI_inst/GYRO_ADC_OUT_STREAM/CLK_DIV2/ff0/MCK_BUFG |
+-----------+-------+-----------------+------------+-------------+-----------------+-----+--------+------+-----+----+------+-----+---------+---------------------------------------------------------------------------------------------------------+
* Clock Loads column represents the clock pin loads (pin count)
** Non-Clock Loads column represents the non-clock pin loads (pin count)
*** Columns FF, LUTRAM, RAMB through 'Hard IP' represents load cell counts


14. Clock Region Cell Placement per Global Clock: Region X1Y2
-------------------------------------------------------------

+-----------+-------+-----------------+------------+-------------+-----------------+----+--------+------+-----+----+------+-----+---------+---------------------------------------------------------------------------------------------------------+
| Global Id | Track | Driver Type/Pin | Constraint | Clock Loads | Non-Clock Loads | FF | LUTRAM | RAMB | DSP | GT | MMCM | PLL | Hard IP | Net                                                                                                     |
+-----------+-------+-----------------+------------+-------------+-----------------+----+--------+------+-----+----+------+-----+---------+---------------------------------------------------------------------------------------------------------+
| g1        | n/a   | BUFG/O          | None       |           2 |               0 |  2 |      0 |    0 |   0 |  0 |    0 |   0 |       0 | design_1_i/axi_gyro_hsi_0/inst/axi_gyro_hsi_v1_0_S00_AXI_inst/GYRO_ADC_OUT_STREAM/CLK_DIV2/ff0/MCK_BUFG |
+-----------+-------+-----------------+------------+-------------+-----------------+----+--------+------+-----+----+------+-----+---------+---------------------------------------------------------------------------------------------------------+
* Clock Loads column represents the clock pin loads (pin count)
** Non-Clock Loads column represents the non-clock pin loads (pin count)
*** Columns FF, LUTRAM, RAMB through 'Hard IP' represents load cell counts



# Location of BUFG Primitives 
set_property LOC BUFGCTRL_X0Y16 [get_cells design_1_i/processing_system7_0/inst/buffer_fclk_clk_0.FCLK_CLK_0_BUFG]
set_property LOC BUFGCTRL_X0Y0 [get_cells design_1_i/axi_gyro_hsi_0/inst/axi_gyro_hsi_v1_0_S00_AXI_inst/GYRO_ADC_OUT_STREAM/CLK_DIV2/ff0/MCK_BUFG_inst]

# Location of IO Primitives which is load of clock spine
set_property LOC IOB_X1Y70 [get_cells MCK_OBUF_inst]

# Location of clock ports

# Clock net "design_1_i/processing_system7_0/inst/FCLK_CLK0" driven by instance "design_1_i/processing_system7_0/inst/buffer_fclk_clk_0.FCLK_CLK_0_BUFG" located at site "BUFGCTRL_X0Y16"
#startgroup
create_pblock {CLKAG_design_1_i/processing_system7_0/inst/FCLK_CLK0}
add_cells_to_pblock [get_pblocks  {CLKAG_design_1_i/processing_system7_0/inst/FCLK_CLK0}] [get_cells -filter { PRIMITIVE_GROUP != I/O && IS_PRIMITIVE==1 && PRIMITIVE_LEVEL !=INTERNAL } -of_object [get_pins -filter {DIRECTION==IN} -of_objects [get_nets -hierarchical -filter {PARENT=="design_1_i/processing_system7_0/inst/FCLK_CLK0"}]]]
resize_pblock [get_pblocks {CLKAG_design_1_i/processing_system7_0/inst/FCLK_CLK0}] -add {CLOCKREGION_X0Y0:CLOCKREGION_X0Y0 CLOCKREGION_X0Y1:CLOCKREGION_X0Y1 CLOCKREGION_X0Y2:CLOCKREGION_X0Y2 CLOCKREGION_X1Y0:CLOCKREGION_X1Y0 CLOCKREGION_X1Y1:CLOCKREGION_X1Y1}
#endgroup

# Clock net "design_1_i/axi_gyro_hsi_0/inst/axi_gyro_hsi_v1_0_S00_AXI_inst/GYRO_ADC_OUT_STREAM/CLK_DIV2/ff0/MCK_BUFG" driven by instance "design_1_i/axi_gyro_hsi_0/inst/axi_gyro_hsi_v1_0_S00_AXI_inst/GYRO_ADC_OUT_STREAM/CLK_DIV2/ff0/MCK_BUFG_inst" located at site "BUFGCTRL_X0Y0"
#startgroup
create_pblock {CLKAG_design_1_i/axi_gyro_hsi_0/inst/axi_gyro_hsi_v1_0_S00_AXI_inst/GYRO_ADC_OUT_STREAM/CLK_DIV2/ff0/MCK_BUFG}
add_cells_to_pblock [get_pblocks  {CLKAG_design_1_i/axi_gyro_hsi_0/inst/axi_gyro_hsi_v1_0_S00_AXI_inst/GYRO_ADC_OUT_STREAM/CLK_DIV2/ff0/MCK_BUFG}] [get_cells -filter { PRIMITIVE_GROUP != I/O && IS_PRIMITIVE==1 && PRIMITIVE_LEVEL !=INTERNAL && NAME!=MCK_OBUF_inst} -of_object [get_pins -filter {DIRECTION==IN} -of_objects [get_nets -hierarchical -filter {PARENT=="design_1_i/axi_gyro_hsi_0/inst/axi_gyro_hsi_v1_0_S00_AXI_inst/GYRO_ADC_OUT_STREAM/CLK_DIV2/ff0/MCK_BUFG"}]]]
resize_pblock [get_pblocks {CLKAG_design_1_i/axi_gyro_hsi_0/inst/axi_gyro_hsi_v1_0_S00_AXI_inst/GYRO_ADC_OUT_STREAM/CLK_DIV2/ff0/MCK_BUFG}] -add {CLOCKREGION_X0Y2:CLOCKREGION_X0Y2 CLOCKREGION_X1Y1:CLOCKREGION_X1Y1 CLOCKREGION_X1Y2:CLOCKREGION_X1Y2}
#endgroup
