Copyright 1986-2018 Xilinx, Inc. All Rights Reserved.
---------------------------------------------------------------------------------------------------------------------------------------
| Tool Version : Vivado v.2018.2 (win64) Build 2258646 Thu Jun 14 20:03:12 MDT 2018
| Date         : Wed Jan 30 18:44:32 2019
| Host         : AsusP8 running 64-bit major release  (build 9200)
| Command      : report_drc -file design_1_wrapper_drc_opted.rpt -pb design_1_wrapper_drc_opted.pb -rpx design_1_wrapper_drc_opted.rpx
| Design       : design_1_wrapper
| Device       : xc7z020clg484-1
| Speed File   : -1
| Design State : Synthesized
---------------------------------------------------------------------------------------------------------------------------------------

Report DRC

Table of Contents
-----------------
1. REPORT SUMMARY
2. REPORT DETAILS

1. REPORT SUMMARY
-----------------
            Netlist: netlist
          Floorplan: design_1
      Design limits: <entire design considered>
           Ruledeck: default
             Max violations: <unlimited>
             Violations found: 1
+-------------+----------+-------------------------------------------------------------+------------+
| Rule        | Severity | Description                                                 | Violations |
+-------------+----------+-------------------------------------------------------------+------------+
| PLHOLDVIO-2 | Warning  | Non-Optimal connections which could lead to hold violations | 1          |
+-------------+----------+-------------------------------------------------------------+------------+

2. REPORT DETAILS
-----------------
PLHOLDVIO-2#1 Warning
Non-Optimal connections which could lead to hold violations  
A LUT design_1_i/axi_gyro_hsi_0/inst/axi_gyro_hsi_v1_0_S00_AXI_inst/GYRO_ADC_OUT_STREAM/CLK_DIV2/ff0/out[8]_i_1 is driving clock pin of 11 cells. This could lead to large hold time violations. First few involved cells are:
    design_1_i/axi_gyro_hsi_0/inst/axi_gyro_hsi_v1_0_S00_AXI_inst/GYRO_ADC_OUT_STREAM/GYRO_Packetizer/SR9/out_reg[5]_srl6_inst_axi_gyro_hsi_v1_0_S00_AXI_inst_GYRO_ADC_OUT_STREAM_GYRO_Packetizer_SR9_out_reg_c_4 {SRL16E}
    design_1_i/axi_gyro_hsi_0/inst/axi_gyro_hsi_v1_0_S00_AXI_inst/GYRO_ADC_OUT_STREAM/GYRO_Packetizer/SR9/out_reg[6]_inst_axi_gyro_hsi_v1_0_S00_AXI_inst_GYRO_ADC_OUT_STREAM_GYRO_Packetizer_SR9_out_reg_c_5 {FDRE}
    design_1_i/axi_gyro_hsi_0/inst/axi_gyro_hsi_v1_0_S00_AXI_inst/GYRO_ADC_OUT_STREAM/GYRO_Packetizer/SR9/out_reg[7] {FDCE}
    design_1_i/axi_gyro_hsi_0/inst/axi_gyro_hsi_v1_0_S00_AXI_inst/GYRO_ADC_OUT_STREAM/GYRO_Packetizer/SR9/out_reg[8] {FDCE}
    design_1_i/axi_gyro_hsi_0/inst/axi_gyro_hsi_v1_0_S00_AXI_inst/GYRO_ADC_OUT_STREAM/GYRO_Packetizer/SR9/out_reg_c {FDCE}
    design_1_i/axi_gyro_hsi_0/inst/axi_gyro_hsi_v1_0_S00_AXI_inst/GYRO_ADC_OUT_STREAM/GYRO_Packetizer/SR9/out_reg_c_0 {FDCE}
    design_1_i/axi_gyro_hsi_0/inst/axi_gyro_hsi_v1_0_S00_AXI_inst/GYRO_ADC_OUT_STREAM/GYRO_Packetizer/SR9/out_reg_c_1 {FDCE}
    design_1_i/axi_gyro_hsi_0/inst/axi_gyro_hsi_v1_0_S00_AXI_inst/GYRO_ADC_OUT_STREAM/GYRO_Packetizer/SR9/out_reg_c_2 {FDCE}
    design_1_i/axi_gyro_hsi_0/inst/axi_gyro_hsi_v1_0_S00_AXI_inst/GYRO_ADC_OUT_STREAM/GYRO_Packetizer/SR9/out_reg_c_3 {FDCE}

Related violations: <none>


