
*** Running vivado
    with args -log design_1_wrapper.vdi -applog -m64 -product Vivado -messageDb vivado.pb -mode batch -source design_1_wrapper.tcl -notrace


****** Vivado v2018.2 (64-bit)
  **** SW Build 2258646 on Thu Jun 14 20:03:12 MDT 2018
  **** IP Build 2256618 on Thu Jun 14 22:10:49 MDT 2018
    ** Copyright 1986-2018 Xilinx, Inc. All Rights Reserved.

source design_1_wrapper.tcl -notrace
INFO: [IP_Flow 19-234] Refreshing IP repositories
INFO: [IP_Flow 19-1700] Loaded user IP repository 'c:/Xilinx/Vivado/projects/ip_repo/axi_gyro_hsi_1.0'.
INFO: [IP_Flow 19-1700] Loaded user IP repository 'c:/Xilinx/Vivado/projects/ip_repo/SPI_ip_1.0'.
INFO: [IP_Flow 19-1700] Loaded user IP repository 'c:/Xilinx/Vivado/projects/ip_repo/axi4_pl_interrupt_generator_1.0'.
INFO: [IP_Flow 19-2313] Loaded Vivado IP repository 'E:/xilinx/Vivado/2018.2/data/ip'.
Command: link_design -top design_1_wrapper -part xc7z020clg484-1
Design is defaulting to srcset: sources_1
Design is defaulting to constrset: constrs_1
INFO: [Project 1-454] Reading design checkpoint 'c:/Xilinx/Vivado/projects/project_GYRO_Jan_25_2019/project_GYRO_Jan_25_2019.srcs/sources_1/bd/design_1/ip/design_1_SPI_ip_0_1/design_1_SPI_ip_0_1.dcp' for cell 'design_1_i/SPI_ip_0'
INFO: [Project 1-454] Reading design checkpoint 'c:/Xilinx/Vivado/projects/project_GYRO_Jan_25_2019/project_GYRO_Jan_25_2019.srcs/sources_1/bd/design_1/ip/design_1_axi4_pl_interrupt_ge_0_0/design_1_axi4_pl_interrupt_ge_0_0.dcp' for cell 'design_1_i/axi4_pl_interrupt_ge_0'
INFO: [Project 1-454] Reading design checkpoint 'c:/Xilinx/Vivado/projects/project_GYRO_Jan_25_2019/project_GYRO_Jan_25_2019.srcs/sources_1/bd/design_1/ip/design_1_axi_gyro_hsi_0_0/design_1_axi_gyro_hsi_0_0.dcp' for cell 'design_1_i/axi_gyro_hsi_0'
INFO: [Project 1-454] Reading design checkpoint 'c:/Xilinx/Vivado/projects/project_GYRO_Jan_25_2019/project_GYRO_Jan_25_2019.srcs/sources_1/bd/design_1/ip/design_1_processing_system7_0_0/design_1_processing_system7_0_0.dcp' for cell 'design_1_i/processing_system7_0'
INFO: [Project 1-454] Reading design checkpoint 'c:/Xilinx/Vivado/projects/project_GYRO_Jan_25_2019/project_GYRO_Jan_25_2019.srcs/sources_1/bd/design_1/ip/design_1_rst_ps7_0_100M_0/design_1_rst_ps7_0_100M_0.dcp' for cell 'design_1_i/rst_ps7_0_100M'
INFO: [Project 1-454] Reading design checkpoint 'c:/Xilinx/Vivado/projects/project_GYRO_Jan_25_2019/project_GYRO_Jan_25_2019.srcs/sources_1/bd/design_1/ip/design_1_xlconcat_0_0/design_1_xlconcat_0_0.dcp' for cell 'design_1_i/xlconcat_0'
INFO: [Project 1-454] Reading design checkpoint 'c:/Xilinx/Vivado/projects/project_GYRO_Jan_25_2019/project_GYRO_Jan_25_2019.srcs/sources_1/bd/design_1/ip/design_1_xbar_0/design_1_xbar_0.dcp' for cell 'design_1_i/ps7_0_axi_periph/xbar'
INFO: [Project 1-454] Reading design checkpoint 'c:/Xilinx/Vivado/projects/project_GYRO_Jan_25_2019/project_GYRO_Jan_25_2019.srcs/sources_1/bd/design_1/ip/design_1_auto_pc_0/design_1_auto_pc_0.dcp' for cell 'design_1_i/ps7_0_axi_periph/s00_couplers/auto_pc'
INFO: [Netlist 29-17] Analyzing 40 Unisim elements for replacement
INFO: [Netlist 29-28] Unisim Transformation completed in 0 CPU seconds
INFO: [Project 1-479] Netlist was created with Vivado 2018.2
INFO: [Device 21-403] Loading part xc7z020clg484-1
INFO: [Project 1-570] Preparing netlist for logic optimization
Parsing XDC File [c:/Xilinx/Vivado/projects/project_GYRO_Jan_25_2019/project_GYRO_Jan_25_2019.srcs/sources_1/bd/design_1/ip/design_1_processing_system7_0_0/design_1_processing_system7_0_0.xdc] for cell 'design_1_i/processing_system7_0/inst'
Finished Parsing XDC File [c:/Xilinx/Vivado/projects/project_GYRO_Jan_25_2019/project_GYRO_Jan_25_2019.srcs/sources_1/bd/design_1/ip/design_1_processing_system7_0_0/design_1_processing_system7_0_0.xdc] for cell 'design_1_i/processing_system7_0/inst'
Parsing XDC File [c:/Xilinx/Vivado/projects/project_GYRO_Jan_25_2019/project_GYRO_Jan_25_2019.srcs/sources_1/bd/design_1/ip/design_1_rst_ps7_0_100M_0/design_1_rst_ps7_0_100M_0_board.xdc] for cell 'design_1_i/rst_ps7_0_100M/U0'
Finished Parsing XDC File [c:/Xilinx/Vivado/projects/project_GYRO_Jan_25_2019/project_GYRO_Jan_25_2019.srcs/sources_1/bd/design_1/ip/design_1_rst_ps7_0_100M_0/design_1_rst_ps7_0_100M_0_board.xdc] for cell 'design_1_i/rst_ps7_0_100M/U0'
Parsing XDC File [c:/Xilinx/Vivado/projects/project_GYRO_Jan_25_2019/project_GYRO_Jan_25_2019.srcs/sources_1/bd/design_1/ip/design_1_rst_ps7_0_100M_0/design_1_rst_ps7_0_100M_0.xdc] for cell 'design_1_i/rst_ps7_0_100M/U0'
Finished Parsing XDC File [c:/Xilinx/Vivado/projects/project_GYRO_Jan_25_2019/project_GYRO_Jan_25_2019.srcs/sources_1/bd/design_1/ip/design_1_rst_ps7_0_100M_0/design_1_rst_ps7_0_100M_0.xdc] for cell 'design_1_i/rst_ps7_0_100M/U0'
Parsing XDC File [C:/Xilinx/Vivado/projects/project_GYRO_Jan_25_2019/project_GYRO_Jan_25_2019.srcs/constrs_1/new/LED_0.xdc]
Finished Parsing XDC File [C:/Xilinx/Vivado/projects/project_GYRO_Jan_25_2019/project_GYRO_Jan_25_2019.srcs/constrs_1/new/LED_0.xdc]
INFO: [Opt 31-138] Pushed 0 inverter(s) to 0 load pin(s).
INFO: [Project 1-111] Unisim Transformation Summary:
No Unisim elements were transformed.

20 Infos, 0 Warnings, 0 Critical Warnings and 0 Errors encountered.
link_design completed successfully
link_design: Time (s): cpu = 00:00:11 ; elapsed = 00:00:14 . Memory (MB): peak = 647.477 ; gain = 377.246
Command: opt_design
Attempting to get a license for feature 'Implementation' and/or device 'xc7z020'
INFO: [Common 17-349] Got license for feature 'Implementation' and/or device 'xc7z020'
Running DRC as a precondition to command opt_design

Starting DRC Task
INFO: [DRC 23-27] Running DRC with 2 threads
INFO: [Project 1-461] DRC finished with 0 Errors
INFO: [Project 1-462] Please refer to the DRC report (report_drc) for more information.

Time (s): cpu = 00:00:01 ; elapsed = 00:00:00.653 . Memory (MB): peak = 655.270 ; gain = 7.793

Starting Cache Timing Information Task
INFO: [Timing 38-35] Done setting XDC timing constraints.
Ending Cache Timing Information Task | Checksum: 21d6a6756

Time (s): cpu = 00:00:11 ; elapsed = 00:00:12 . Memory (MB): peak = 1206.969 ; gain = 551.699

Starting Logic Optimization Task

Phase 1 Retarget
INFO: [Opt 31-138] Pushed 2 inverter(s) to 81 load pin(s).
INFO: [Opt 31-49] Retargeted 0 cell(s).
Phase 1 Retarget | Checksum: 15426b0b3

Time (s): cpu = 00:00:00 ; elapsed = 00:00:00.242 . Memory (MB): peak = 1206.969 ; gain = 0.000
INFO: [Opt 31-389] Phase Retarget created 0 cells and removed 0 cells

Phase 2 Constant propagation
INFO: [Opt 31-138] Pushed 0 inverter(s) to 0 load pin(s).
Phase 2 Constant propagation | Checksum: 15426b0b3

Time (s): cpu = 00:00:00 ; elapsed = 00:00:00.306 . Memory (MB): peak = 1206.969 ; gain = 0.000
INFO: [Opt 31-389] Phase Constant propagation created 0 cells and removed 0 cells

Phase 3 Sweep
Phase 3 Sweep | Checksum: 17a144d76

Time (s): cpu = 00:00:01 ; elapsed = 00:00:00.786 . Memory (MB): peak = 1206.969 ; gain = 0.000
INFO: [Opt 31-389] Phase Sweep created 2 cells and removed 321 cells

Phase 4 BUFG optimization
INFO: [Opt 31-194] Inserted BUFG design_1_i/axi_gyro_hsi_0/inst/axi_gyro_hsi_v1_0_S00_AXI_inst/GYRO_ADC_OUT_STREAM/CLK_DIV2/ff0/MCK_BUFG_inst to drive 68 load(s) on clock net MCK_OBUF
INFO: [Opt 31-193] Inserted 1 BUFG(s) on clock nets
Phase 4 BUFG optimization | Checksum: 1a5258ecc

Time (s): cpu = 00:00:01 ; elapsed = 00:00:00.874 . Memory (MB): peak = 1206.969 ; gain = 0.000
INFO: [Opt 31-662] Phase BUFG optimization created 1 cells of which 1 are BUFGs and removed 0 cells.

Phase 5 Shift Register Optimization
Phase 5 Shift Register Optimization | Checksum: 130ae4d1d

Time (s): cpu = 00:00:01 ; elapsed = 00:00:01 . Memory (MB): peak = 1206.969 ; gain = 0.000
INFO: [Opt 31-389] Phase Shift Register Optimization created 0 cells and removed 0 cells

Phase 6 Post Processing Netlist
Phase 6 Post Processing Netlist | Checksum: 13e9b800d

Time (s): cpu = 00:00:01 ; elapsed = 00:00:01 . Memory (MB): peak = 1206.969 ; gain = 0.000
INFO: [Opt 31-389] Phase Post Processing Netlist created 0 cells and removed 0 cells

Starting Connectivity Check Task

Time (s): cpu = 00:00:00 ; elapsed = 00:00:00.007 . Memory (MB): peak = 1206.969 ; gain = 0.000
Ending Logic Optimization Task | Checksum: d6b5255a

Time (s): cpu = 00:00:01 ; elapsed = 00:00:01 . Memory (MB): peak = 1206.969 ; gain = 0.000

Starting Power Optimization Task
INFO: [Pwropt 34-132] Skipping clock gating for clocks with a period < 2.00 ns.
Ending Power Optimization Task | Checksum: d6b5255a

Time (s): cpu = 00:00:00 ; elapsed = 00:00:00.015 . Memory (MB): peak = 1206.969 ; gain = 0.000

Starting Final Cleanup Task
Ending Final Cleanup Task | Checksum: d6b5255a

Time (s): cpu = 00:00:00 ; elapsed = 00:00:00 . Memory (MB): peak = 1206.969 ; gain = 0.000
INFO: [Common 17-83] Releasing license: Implementation
38 Infos, 0 Warnings, 0 Critical Warnings and 0 Errors encountered.
opt_design completed successfully
opt_design: Time (s): cpu = 00:00:14 ; elapsed = 00:00:14 . Memory (MB): peak = 1206.969 ; gain = 559.492
INFO: [Timing 38-480] Writing timing data to binary archive.
Writing placer database...
Writing XDEF routing.
Writing XDEF routing logical nets.
Writing XDEF routing special nets.
Write XDEF Complete: Time (s): cpu = 00:00:01 ; elapsed = 00:00:00.140 . Memory (MB): peak = 1206.969 ; gain = 0.000
INFO: [Common 17-1381] The checkpoint 'C:/Xilinx/Vivado/projects/project_GYRO_Jan_25_2019/project_GYRO_Jan_25_2019.runs/impl_1/design_1_wrapper_opt.dcp' has been generated.
INFO: [runtcl-4] Executing : report_drc -file design_1_wrapper_drc_opted.rpt -pb design_1_wrapper_drc_opted.pb -rpx design_1_wrapper_drc_opted.rpx
Command: report_drc -file design_1_wrapper_drc_opted.rpt -pb design_1_wrapper_drc_opted.pb -rpx design_1_wrapper_drc_opted.rpx
INFO: [DRC 23-27] Running DRC with 2 threads
INFO: [Coretcl 2-168] The results of DRC are in file C:/Xilinx/Vivado/projects/project_GYRO_Jan_25_2019/project_GYRO_Jan_25_2019.runs/impl_1/design_1_wrapper_drc_opted.rpt.
report_drc completed successfully
Command: place_design
Attempting to get a license for feature 'Implementation' and/or device 'xc7z020'
INFO: [Common 17-349] Got license for feature 'Implementation' and/or device 'xc7z020'
INFO: [DRC 23-27] Running DRC with 2 threads
INFO: [Vivado_Tcl 4-198] DRC finished with 0 Errors
INFO: [Vivado_Tcl 4-199] Please refer to the DRC report (report_drc) for more information.
Running DRC as a precondition to command place_design
INFO: [DRC 23-27] Running DRC with 2 threads
INFO: [Vivado_Tcl 4-198] DRC finished with 0 Errors
INFO: [Vivado_Tcl 4-199] Please refer to the DRC report (report_drc) for more information.

Starting Placer Task
INFO: [Place 30-611] Multithreading enabled for place_design using a maximum of 2 CPUs

Phase 1 Placer Initialization

Phase 1.1 Placer Initialization Netlist Sorting
Netlist sorting complete. Time (s): cpu = 00:00:00 ; elapsed = 00:00:00.006 . Memory (MB): peak = 1206.969 ; gain = 0.000
Phase 1.1 Placer Initialization Netlist Sorting | Checksum: c084fb59

Time (s): cpu = 00:00:00 ; elapsed = 00:00:00.013 . Memory (MB): peak = 1206.969 ; gain = 0.000
INFO: [Timing 38-35] Done setting XDC timing constraints.
INFO: [Opt 31-138] Pushed 0 inverter(s) to 0 load pin(s).
Netlist sorting complete. Time (s): cpu = 00:00:00 ; elapsed = 00:00:00.007 . Memory (MB): peak = 1206.969 ; gain = 0.000

Phase 1.2 IO Placement/ Clock Placement/ Build Placer Device
WARNING: [Place 30-568] A LUT 'design_1_i/axi_gyro_hsi_0/inst/axi_gyro_hsi_v1_0_S00_AXI_inst/GYRO_ADC_OUT_STREAM/CLK_DIV2/ff0/out[8]_i_1' is driving clock pin of 11 registers. This could lead to large hold time violations. First few involved registers are:
	design_1_i/axi_gyro_hsi_0/inst/axi_gyro_hsi_v1_0_S00_AXI_inst/GYRO_ADC_OUT_STREAM/GYRO_Packetizer/SR9/out_reg[5]_srl6_inst_axi_gyro_hsi_v1_0_S00_AXI_inst_GYRO_ADC_OUT_STREAM_GYRO_Packetizer_SR9_out_reg_c_4 {SRL16E}
	design_1_i/axi_gyro_hsi_0/inst/axi_gyro_hsi_v1_0_S00_AXI_inst/GYRO_ADC_OUT_STREAM/GYRO_Packetizer/SR9/out_reg[8] {FDCE}
	design_1_i/axi_gyro_hsi_0/inst/axi_gyro_hsi_v1_0_S00_AXI_inst/GYRO_ADC_OUT_STREAM/GYRO_Packetizer/SR9/out_reg_c_5 {FDCE}
	design_1_i/axi_gyro_hsi_0/inst/axi_gyro_hsi_v1_0_S00_AXI_inst/GYRO_ADC_OUT_STREAM/GYRO_Packetizer/SR9/out_reg_c_4 {FDCE}
	design_1_i/axi_gyro_hsi_0/inst/axi_gyro_hsi_v1_0_S00_AXI_inst/GYRO_ADC_OUT_STREAM/GYRO_Packetizer/SR9/out_reg[6]_inst_axi_gyro_hsi_v1_0_S00_AXI_inst_GYRO_ADC_OUT_STREAM_GYRO_Packetizer_SR9_out_reg_c_5 {FDRE}
WARNING: [Place 30-568] A LUT 'design_1_i/axi_gyro_hsi_0/inst/axi_gyro_hsi_v1_0_S00_AXI_inst/GYRO_ADC_OUT_STREAM/GYRO_Packetizer/FSM/r_reg[0]_i_2__0' is driving clock pin of 16 registers. This could lead to large hold time violations. First few involved registers are:
	design_1_i/axi_gyro_hsi_0/inst/axi_gyro_hsi_v1_0_S00_AXI_inst/GYRO_ADC_OUT_STREAM/GYRO_Debugger/CNTR2/r_reg_reg[15] {FDCE}
	design_1_i/axi_gyro_hsi_0/inst/axi_gyro_hsi_v1_0_S00_AXI_inst/GYRO_ADC_OUT_STREAM/GYRO_Debugger/CNTR2/r_reg_reg[12] {FDCE}
	design_1_i/axi_gyro_hsi_0/inst/axi_gyro_hsi_v1_0_S00_AXI_inst/GYRO_ADC_OUT_STREAM/GYRO_Debugger/CNTR2/r_reg_reg[1] {FDCE}
	design_1_i/axi_gyro_hsi_0/inst/axi_gyro_hsi_v1_0_S00_AXI_inst/GYRO_ADC_OUT_STREAM/GYRO_Debugger/CNTR2/r_reg_reg[10] {FDCE}
	design_1_i/axi_gyro_hsi_0/inst/axi_gyro_hsi_v1_0_S00_AXI_inst/GYRO_ADC_OUT_STREAM/GYRO_Debugger/CNTR2/r_reg_reg[11] {FDCE}
WARNING: [Place 30-568] A LUT 'design_1_i/axi_gyro_hsi_0/inst/axi_gyro_hsi_v1_0_S00_AXI_inst/GYRO_ADC_OUT_STREAM/GYRO_Packetizer/SR9/r_reg[0]_i_2' is driving clock pin of 16 registers. This could lead to large hold time violations. First few involved registers are:
	design_1_i/axi_gyro_hsi_0/inst/axi_gyro_hsi_v1_0_S00_AXI_inst/GYRO_ADC_OUT_STREAM/GYRO_Debugger/CNTR1/r_reg_reg[14] {FDCE}
	design_1_i/axi_gyro_hsi_0/inst/axi_gyro_hsi_v1_0_S00_AXI_inst/GYRO_ADC_OUT_STREAM/GYRO_Debugger/CNTR1/r_reg_reg[13] {FDCE}
	design_1_i/axi_gyro_hsi_0/inst/axi_gyro_hsi_v1_0_S00_AXI_inst/GYRO_ADC_OUT_STREAM/GYRO_Debugger/CNTR1/r_reg_reg[8] {FDCE}
	design_1_i/axi_gyro_hsi_0/inst/axi_gyro_hsi_v1_0_S00_AXI_inst/GYRO_ADC_OUT_STREAM/GYRO_Debugger/CNTR1/r_reg_reg[9] {FDCE}
	design_1_i/axi_gyro_hsi_0/inst/axi_gyro_hsi_v1_0_S00_AXI_inst/GYRO_ADC_OUT_STREAM/GYRO_Debugger/CNTR1/r_reg_reg[10] {FDCE}
INFO: [Timing 38-35] Done setting XDC timing constraints.
Phase 1.2 IO Placement/ Clock Placement/ Build Placer Device | Checksum: b4e88b40

Time (s): cpu = 00:00:02 ; elapsed = 00:00:02 . Memory (MB): peak = 1206.969 ; gain = 0.000

Phase 1.3 Build Placer Netlist Model
Phase 1.3 Build Placer Netlist Model | Checksum: 1acd1fd7e

Time (s): cpu = 00:00:03 ; elapsed = 00:00:03 . Memory (MB): peak = 1206.969 ; gain = 0.000

Phase 1.4 Constrain Clocks/Macros
Phase 1.4 Constrain Clocks/Macros | Checksum: 1acd1fd7e

Time (s): cpu = 00:00:03 ; elapsed = 00:00:03 . Memory (MB): peak = 1206.969 ; gain = 0.000
Phase 1 Placer Initialization | Checksum: 1acd1fd7e

Time (s): cpu = 00:00:03 ; elapsed = 00:00:03 . Memory (MB): peak = 1206.969 ; gain = 0.000

Phase 2 Global Placement

Phase 2.1 Floorplanning
Phase 2.1 Floorplanning | Checksum: 1c9ee3cdb

Time (s): cpu = 00:00:04 ; elapsed = 00:00:03 . Memory (MB): peak = 1206.969 ; gain = 0.000

Phase 2.2 Physical Synthesis In Placer
INFO: [Physopt 32-65] No nets found for high-fanout optimization.
INFO: [Physopt 32-232] Optimized 0 net. Created 0 new instance.
INFO: [Physopt 32-775] End 1 Pass. Optimized 0 net or cell. Created 0 new cell, deleted 0 existing cell and moved 0 existing cell
Netlist sorting complete. Time (s): cpu = 00:00:00 ; elapsed = 00:00:00.006 . Memory (MB): peak = 1206.969 ; gain = 0.000

Summary of Physical Synthesis Optimizations
============================================


-----------------------------------------------------------------------------------------------------------------------------
|  Optimization       |  Added Cells  |  Removed Cells  |  Optimized Cells/Nets  |  Dont Touch  |  Iterations  |  Elapsed   |
-----------------------------------------------------------------------------------------------------------------------------
|  Very High Fanout   |            0  |              0  |                     0  |           0  |           1  |  00:00:00  |
|  Total              |            0  |              0  |                     0  |           0  |           1  |  00:00:00  |
-----------------------------------------------------------------------------------------------------------------------------


Phase 2.2 Physical Synthesis In Placer | Checksum: 18a703f21

Time (s): cpu = 00:00:08 ; elapsed = 00:00:05 . Memory (MB): peak = 1206.969 ; gain = 0.000
Phase 2 Global Placement | Checksum: 1c34e652d

Time (s): cpu = 00:00:08 ; elapsed = 00:00:05 . Memory (MB): peak = 1206.969 ; gain = 0.000

Phase 3 Detail Placement

Phase 3.1 Commit Multi Column Macros
Phase 3.1 Commit Multi Column Macros | Checksum: 1c34e652d

Time (s): cpu = 00:00:08 ; elapsed = 00:00:05 . Memory (MB): peak = 1206.969 ; gain = 0.000

Phase 3.2 Commit Most Macros & LUTRAMs
Phase 3.2 Commit Most Macros & LUTRAMs | Checksum: 174219abb

Time (s): cpu = 00:00:09 ; elapsed = 00:00:06 . Memory (MB): peak = 1206.969 ; gain = 0.000

Phase 3.3 Area Swap Optimization
Phase 3.3 Area Swap Optimization | Checksum: 1947c42dd

Time (s): cpu = 00:00:09 ; elapsed = 00:00:06 . Memory (MB): peak = 1206.969 ; gain = 0.000

Phase 3.4 Pipeline Register Optimization
Phase 3.4 Pipeline Register Optimization | Checksum: 19e0aab04

Time (s): cpu = 00:00:09 ; elapsed = 00:00:06 . Memory (MB): peak = 1206.969 ; gain = 0.000

Phase 3.5 Small Shape Detail Placement
Phase 3.5 Small Shape Detail Placement | Checksum: 1ce733d3b

Time (s): cpu = 00:00:10 ; elapsed = 00:00:07 . Memory (MB): peak = 1206.969 ; gain = 0.000

Phase 3.6 Re-assign LUT pins
Phase 3.6 Re-assign LUT pins | Checksum: 163fd6e91

Time (s): cpu = 00:00:10 ; elapsed = 00:00:07 . Memory (MB): peak = 1206.969 ; gain = 0.000

Phase 3.7 Pipeline Register Optimization
Phase 3.7 Pipeline Register Optimization | Checksum: 163fd6e91

Time (s): cpu = 00:00:10 ; elapsed = 00:00:07 . Memory (MB): peak = 1206.969 ; gain = 0.000
Phase 3 Detail Placement | Checksum: 163fd6e91

Time (s): cpu = 00:00:10 ; elapsed = 00:00:07 . Memory (MB): peak = 1206.969 ; gain = 0.000

Phase 4 Post Placement Optimization and Clean-Up

Phase 4.1 Post Commit Optimization
INFO: [Timing 38-35] Done setting XDC timing constraints.

Phase 4.1.1 Post Placement Optimization
Post Placement Optimization Initialization | Checksum: 128855b49

Phase 4.1.1.1 BUFG Insertion
INFO: [Place 46-31] BUFG insertion identified 0 candidate nets, 0 success, 0 skipped for placement/routing, 0 skipped for timing, 0 skipped for netlist change reason.
Phase 4.1.1.1 BUFG Insertion | Checksum: 128855b49

Time (s): cpu = 00:00:11 ; elapsed = 00:00:07 . Memory (MB): peak = 1222.543 ; gain = 15.574
INFO: [Place 30-746] Post Placement Timing Summary WNS=4.368. For the most accurate timing information please run report_timing.
Phase 4.1.1 Post Placement Optimization | Checksum: f99bf2a1

Time (s): cpu = 00:00:11 ; elapsed = 00:00:07 . Memory (MB): peak = 1222.543 ; gain = 15.574
Phase 4.1 Post Commit Optimization | Checksum: f99bf2a1

Time (s): cpu = 00:00:11 ; elapsed = 00:00:07 . Memory (MB): peak = 1222.543 ; gain = 15.574

Phase 4.2 Post Placement Cleanup
Phase 4.2 Post Placement Cleanup | Checksum: f99bf2a1

Time (s): cpu = 00:00:11 ; elapsed = 00:00:07 . Memory (MB): peak = 1222.543 ; gain = 15.574

Phase 4.3 Placer Reporting
Phase 4.3 Placer Reporting | Checksum: f99bf2a1

Time (s): cpu = 00:00:11 ; elapsed = 00:00:07 . Memory (MB): peak = 1222.543 ; gain = 15.574

Phase 4.4 Final Placement Cleanup
Phase 4.4 Final Placement Cleanup | Checksum: 16d5233e0

Time (s): cpu = 00:00:11 ; elapsed = 00:00:07 . Memory (MB): peak = 1222.543 ; gain = 15.574
Phase 4 Post Placement Optimization and Clean-Up | Checksum: 16d5233e0

Time (s): cpu = 00:00:11 ; elapsed = 00:00:07 . Memory (MB): peak = 1222.543 ; gain = 15.574
Ending Placer Task | Checksum: 1122fbcdb

Time (s): cpu = 00:00:11 ; elapsed = 00:00:07 . Memory (MB): peak = 1222.543 ; gain = 15.574
INFO: [Common 17-83] Releasing license: Implementation
61 Infos, 3 Warnings, 0 Critical Warnings and 0 Errors encountered.
place_design completed successfully
place_design: Time (s): cpu = 00:00:13 ; elapsed = 00:00:09 . Memory (MB): peak = 1222.543 ; gain = 15.574
INFO: [Timing 38-480] Writing timing data to binary archive.
Writing placer database...
Writing XDEF routing.
Writing XDEF routing logical nets.
Writing XDEF routing special nets.
Write XDEF Complete: Time (s): cpu = 00:00:01 ; elapsed = 00:00:00.261 . Memory (MB): peak = 1230.117 ; gain = 7.574
INFO: [Common 17-1381] The checkpoint 'C:/Xilinx/Vivado/projects/project_GYRO_Jan_25_2019/project_GYRO_Jan_25_2019.runs/impl_1/design_1_wrapper_placed.dcp' has been generated.
INFO: [runtcl-4] Executing : report_io -file design_1_wrapper_io_placed.rpt
report_io: Time (s): cpu = 00:00:00 ; elapsed = 00:00:00.081 . Memory (MB): peak = 1230.117 ; gain = 0.000
INFO: [runtcl-4] Executing : report_utilization -file design_1_wrapper_utilization_placed.rpt -pb design_1_wrapper_utilization_placed.pb
report_utilization: Time (s): cpu = 00:00:00 ; elapsed = 00:00:00.075 . Memory (MB): peak = 1230.117 ; gain = 0.000
INFO: [runtcl-4] Executing : report_control_sets -verbose -file design_1_wrapper_control_sets_placed.rpt
report_control_sets: Time (s): cpu = 00:00:01 ; elapsed = 00:00:00.022 . Memory (MB): peak = 1230.117 ; gain = 0.000
Command: route_design
Attempting to get a license for feature 'Implementation' and/or device 'xc7z020'
INFO: [Common 17-349] Got license for feature 'Implementation' and/or device 'xc7z020'
Running DRC as a precondition to command route_design
INFO: [DRC 23-27] Running DRC with 2 threads
INFO: [Vivado_Tcl 4-198] DRC finished with 0 Errors
INFO: [Vivado_Tcl 4-199] Please refer to the DRC report (report_drc) for more information.


Starting Routing Task
INFO: [Route 35-254] Multithreading enabled for route_design using a maximum of 2 CPUs
Checksum: PlaceDB: 8dfe5ad2 ConstDB: 0 ShapeSum: 84316209 RouteDB: 0

Phase 1 Build RT Design
Phase 1 Build RT Design | Checksum: aebcc509

Time (s): cpu = 00:00:28 ; elapsed = 00:00:25 . Memory (MB): peak = 1343.457 ; gain = 113.340
Post Restoration Checksum: NetGraph: 95b4376f NumContArr: 19088d9a Constraints: 0 Timing: 0

Phase 2 Router Initialization

Phase 2.1 Create Timer
Phase 2.1 Create Timer | Checksum: aebcc509

Time (s): cpu = 00:00:28 ; elapsed = 00:00:25 . Memory (MB): peak = 1343.457 ; gain = 113.340

Phase 2.2 Fix Topology Constraints
Phase 2.2 Fix Topology Constraints | Checksum: aebcc509

Time (s): cpu = 00:00:28 ; elapsed = 00:00:25 . Memory (MB): peak = 1349.625 ; gain = 119.508

Phase 2.3 Pre Route Cleanup
Phase 2.3 Pre Route Cleanup | Checksum: aebcc509

Time (s): cpu = 00:00:28 ; elapsed = 00:00:25 . Memory (MB): peak = 1349.625 ; gain = 119.508
 Number of Nodes with overlaps = 0

Phase 2.4 Update Timing
Phase 2.4 Update Timing | Checksum: 125c209a7

Time (s): cpu = 00:00:29 ; elapsed = 00:00:26 . Memory (MB): peak = 1373.816 ; gain = 143.699
INFO: [Route 35-416] Intermediate Timing Summary | WNS=4.392  | TNS=0.000  | WHS=-0.188 | THS=-22.315|

Phase 2 Router Initialization | Checksum: 106260948

Time (s): cpu = 00:00:30 ; elapsed = 00:00:26 . Memory (MB): peak = 1373.816 ; gain = 143.699

Phase 3 Initial Routing
Phase 3 Initial Routing | Checksum: 162ef0726

Time (s): cpu = 00:00:30 ; elapsed = 00:00:26 . Memory (MB): peak = 1373.816 ; gain = 143.699

Phase 4 Rip-up And Reroute

Phase 4.1 Global Iteration 0
 Number of Nodes with overlaps = 138
 Number of Nodes with overlaps = 4
 Number of Nodes with overlaps = 2
 Number of Nodes with overlaps = 0
INFO: [Route 35-416] Intermediate Timing Summary | WNS=4.080  | TNS=0.000  | WHS=N/A    | THS=N/A    |

Phase 4.1 Global Iteration 0 | Checksum: 1251a8242

Time (s): cpu = 00:00:31 ; elapsed = 00:00:27 . Memory (MB): peak = 1373.816 ; gain = 143.699

Phase 4.2 Global Iteration 1
 Number of Nodes with overlaps = 1
 Number of Nodes with overlaps = 0
INFO: [Route 35-416] Intermediate Timing Summary | WNS=4.080  | TNS=0.000  | WHS=N/A    | THS=N/A    |

Phase 4.2 Global Iteration 1 | Checksum: 1e5125a69

Time (s): cpu = 00:00:31 ; elapsed = 00:00:27 . Memory (MB): peak = 1373.816 ; gain = 143.699
Phase 4 Rip-up And Reroute | Checksum: 1e5125a69

Time (s): cpu = 00:00:31 ; elapsed = 00:00:27 . Memory (MB): peak = 1373.816 ; gain = 143.699

Phase 5 Delay and Skew Optimization

Phase 5.1 Delay CleanUp
Phase 5.1 Delay CleanUp | Checksum: 1e5125a69

Time (s): cpu = 00:00:31 ; elapsed = 00:00:27 . Memory (MB): peak = 1373.816 ; gain = 143.699

Phase 5.2 Clock Skew Optimization
Phase 5.2 Clock Skew Optimization | Checksum: 1e5125a69

Time (s): cpu = 00:00:31 ; elapsed = 00:00:27 . Memory (MB): peak = 1373.816 ; gain = 143.699
Phase 5 Delay and Skew Optimization | Checksum: 1e5125a69

Time (s): cpu = 00:00:31 ; elapsed = 00:00:27 . Memory (MB): peak = 1373.816 ; gain = 143.699

Phase 6 Post Hold Fix

Phase 6.1 Hold Fix Iter

Phase 6.1.1 Update Timing
Phase 6.1.1 Update Timing | Checksum: 1d31ce2d9

Time (s): cpu = 00:00:32 ; elapsed = 00:00:27 . Memory (MB): peak = 1373.816 ; gain = 143.699
INFO: [Route 35-416] Intermediate Timing Summary | WNS=4.204  | TNS=0.000  | WHS=0.043  | THS=0.000  |

Phase 6.1 Hold Fix Iter | Checksum: 11f5d6d0f

Time (s): cpu = 00:00:32 ; elapsed = 00:00:27 . Memory (MB): peak = 1373.816 ; gain = 143.699
Phase 6 Post Hold Fix | Checksum: 11f5d6d0f

Time (s): cpu = 00:00:32 ; elapsed = 00:00:27 . Memory (MB): peak = 1373.816 ; gain = 143.699

Phase 7 Route finalize

Router Utilization Summary
  Global Vertical Routing Utilization    = 0.300352 %
  Global Horizontal Routing Utilization  = 0.397735 %
  Routable Net Status*
  *Does not include unroutable nets such as driverless and loadless.
  Run report_route_status for detailed report.
  Number of Failed Nets               = 0
  Number of Unrouted Nets             = 0
  Number of Partially Routed Nets     = 0
  Number of Node Overlaps             = 0

Phase 7 Route finalize | Checksum: 197b73fd6

Time (s): cpu = 00:00:32 ; elapsed = 00:00:27 . Memory (MB): peak = 1373.816 ; gain = 143.699

Phase 8 Verifying routed nets

 Verification completed successfully
Phase 8 Verifying routed nets | Checksum: 197b73fd6

Time (s): cpu = 00:00:32 ; elapsed = 00:00:27 . Memory (MB): peak = 1373.816 ; gain = 143.699

Phase 9 Depositing Routes
Phase 9 Depositing Routes | Checksum: ef819349

Time (s): cpu = 00:00:32 ; elapsed = 00:00:27 . Memory (MB): peak = 1373.816 ; gain = 143.699

Phase 10 Post Router Timing
INFO: [Route 35-57] Estimated Timing Summary | WNS=4.204  | TNS=0.000  | WHS=0.043  | THS=0.000  |

INFO: [Route 35-327] The final timing numbers are based on the router estimated timing analysis. For a complete and accurate timing signoff, please run report_timing_summary.
Phase 10 Post Router Timing | Checksum: ef819349

Time (s): cpu = 00:00:32 ; elapsed = 00:00:27 . Memory (MB): peak = 1373.816 ; gain = 143.699
INFO: [Route 35-16] Router Completed Successfully

Time (s): cpu = 00:00:32 ; elapsed = 00:00:27 . Memory (MB): peak = 1373.816 ; gain = 143.699

Routing Is Done.
INFO: [Common 17-83] Releasing license: Implementation
79 Infos, 3 Warnings, 0 Critical Warnings and 0 Errors encountered.
route_design completed successfully
route_design: Time (s): cpu = 00:00:34 ; elapsed = 00:00:29 . Memory (MB): peak = 1373.816 ; gain = 143.699
INFO: [Timing 38-480] Writing timing data to binary archive.
Writing placer database...
Writing XDEF routing.
Writing XDEF routing logical nets.
Writing XDEF routing special nets.
Write XDEF Complete: Time (s): cpu = 00:00:01 ; elapsed = 00:00:00.354 . Memory (MB): peak = 1373.816 ; gain = 0.000
INFO: [Common 17-1381] The checkpoint 'C:/Xilinx/Vivado/projects/project_GYRO_Jan_25_2019/project_GYRO_Jan_25_2019.runs/impl_1/design_1_wrapper_routed.dcp' has been generated.
INFO: [runtcl-4] Executing : report_drc -file design_1_wrapper_drc_routed.rpt -pb design_1_wrapper_drc_routed.pb -rpx design_1_wrapper_drc_routed.rpx
Command: report_drc -file design_1_wrapper_drc_routed.rpt -pb design_1_wrapper_drc_routed.pb -rpx design_1_wrapper_drc_routed.rpx
INFO: [DRC 23-27] Running DRC with 2 threads
INFO: [Coretcl 2-168] The results of DRC are in file C:/Xilinx/Vivado/projects/project_GYRO_Jan_25_2019/project_GYRO_Jan_25_2019.runs/impl_1/design_1_wrapper_drc_routed.rpt.
report_drc completed successfully
INFO: [runtcl-4] Executing : report_methodology -file design_1_wrapper_methodology_drc_routed.rpt -pb design_1_wrapper_methodology_drc_routed.pb -rpx design_1_wrapper_methodology_drc_routed.rpx
Command: report_methodology -file design_1_wrapper_methodology_drc_routed.rpt -pb design_1_wrapper_methodology_drc_routed.pb -rpx design_1_wrapper_methodology_drc_routed.rpx
INFO: [Timing 38-35] Done setting XDC timing constraints.
INFO: [Timing 38-35] Done setting XDC timing constraints.
INFO: [DRC 23-133] Running Methodology with 2 threads
INFO: [Coretcl 2-1520] The results of Report Methodology are in file C:/Xilinx/Vivado/projects/project_GYRO_Jan_25_2019/project_GYRO_Jan_25_2019.runs/impl_1/design_1_wrapper_methodology_drc_routed.rpt.
report_methodology completed successfully
INFO: [runtcl-4] Executing : report_power -file design_1_wrapper_power_routed.rpt -pb design_1_wrapper_power_summary_routed.pb -rpx design_1_wrapper_power_routed.rpx
Command: report_power -file design_1_wrapper_power_routed.rpt -pb design_1_wrapper_power_summary_routed.pb -rpx design_1_wrapper_power_routed.rpx
INFO: [Timing 38-35] Done setting XDC timing constraints.
Running Vector-less Activity Propagation...

Finished Running Vector-less Activity Propagation
91 Infos, 3 Warnings, 0 Critical Warnings and 0 Errors encountered.
report_power completed successfully
INFO: [runtcl-4] Executing : report_route_status -file design_1_wrapper_route_status.rpt -pb design_1_wrapper_route_status.pb
INFO: [runtcl-4] Executing : report_timing_summary -max_paths 10 -file design_1_wrapper_timing_summary_routed.rpt -pb design_1_wrapper_timing_summary_routed.pb -rpx design_1_wrapper_timing_summary_routed.rpx -warn_on_violation 
INFO: [Timing 38-91] UpdateTimingParams: Speed grade: -1, Delay Type: min_max, Timing Stage: Requireds.
INFO: [Timing 38-191] Multithreading enabled for timing update using a maximum of 2 CPUs
INFO: [runtcl-4] Executing : report_incremental_reuse -file design_1_wrapper_incremental_reuse_routed.rpt
INFO: [Vivado_Tcl 4-545] No incremental reuse to report, no incremental placement and routing data was found.
INFO: [runtcl-4] Executing : report_clock_utilization -file design_1_wrapper_clock_utilization_routed.rpt
INFO: [runtcl-4] Executing : report_bus_skew -warn_on_violation -file design_1_wrapper_bus_skew_routed.rpt -pb design_1_wrapper_bus_skew_routed.pb -rpx design_1_wrapper_bus_skew_routed.rpx
INFO: [Timing 38-91] UpdateTimingParams: Speed grade: -1, Delay Type: min_max, Timing Stage: Requireds.
INFO: [Timing 38-191] Multithreading enabled for timing update using a maximum of 2 CPUs
INFO: [Common 17-206] Exiting Vivado at Fri Feb  1 15:55:14 2019...

*** Running vivado
    with args -log design_1_wrapper.vdi -applog -m64 -product Vivado -messageDb vivado.pb -mode batch -source design_1_wrapper.tcl -notrace


****** Vivado v2018.2 (64-bit)
  **** SW Build 2258646 on Thu Jun 14 20:03:12 MDT 2018
  **** IP Build 2256618 on Thu Jun 14 22:10:49 MDT 2018
    ** Copyright 1986-2018 Xilinx, Inc. All Rights Reserved.

source design_1_wrapper.tcl -notrace
Command: open_checkpoint design_1_wrapper_routed.dcp

Starting open_checkpoint Task

Time (s): cpu = 00:00:00 ; elapsed = 00:00:00.035 . Memory (MB): peak = 222.504 ; gain = 0.000
INFO: [Netlist 29-17] Analyzing 26 Unisim elements for replacement
INFO: [Netlist 29-28] Unisim Transformation completed in 1 CPU seconds
INFO: [Project 1-479] Netlist was created with Vivado 2018.2
INFO: [Device 21-403] Loading part xc7z020clg484-1
INFO: [Project 1-570] Preparing netlist for logic optimization
INFO: [Timing 38-478] Restoring timing data from binary archive.
INFO: [Timing 38-479] Binary timing data restore complete.
INFO: [Project 1-856] Restoring constraints from binary archive.
INFO: [Project 1-853] Binary constraint restore complete.
Reading XDEF placement.
Reading placer database...
Reading XDEF routing.
Read XDEF File: Time (s): cpu = 00:00:01 ; elapsed = 00:00:00.546 . Memory (MB): peak = 1103.000 ; gain = 0.000
Restored from archive | CPU: 1.000000 secs | Memory: 0.000000 MB |
Finished XDEF File Restore: Time (s): cpu = 00:00:01 ; elapsed = 00:00:00.546 . Memory (MB): peak = 1103.000 ; gain = 0.000
INFO: [Project 1-111] Unisim Transformation Summary:
No Unisim elements were transformed.

INFO: [Project 1-604] Checkpoint was created with Vivado v2018.2 (64-bit) build 2258646
open_checkpoint: Time (s): cpu = 00:00:20 ; elapsed = 00:00:22 . Memory (MB): peak = 1103.000 ; gain = 889.480
Command: write_bitstream -force design_1_wrapper.bit
Attempting to get a license for feature 'Implementation' and/or device 'xc7z020'
INFO: [Common 17-349] Got license for feature 'Implementation' and/or device 'xc7z020'
Running DRC as a precondition to command write_bitstream
INFO: [IP_Flow 19-234] Refreshing IP repositories
INFO: [IP_Flow 19-1704] No user IP repositories specified
INFO: [IP_Flow 19-2313] Loaded Vivado IP repository 'E:/xilinx/Vivado/2018.2/data/ip'.
INFO: [DRC 23-27] Running DRC with 2 threads
WARNING: [DRC PDRC-153] Gated clock check: Net design_1_i/SPI_ip_0/inst/SPI_ip_v1_0_S00_AXI_inst/user_SPI_Block/CLOCKDIV/ff3/CLK is a gated clock net sourced by a combinational pin design_1_i/SPI_ip_0/inst/SPI_ip_v1_0_S00_AXI_inst/user_SPI_Block/CLOCKDIV/ff3/FSM_onehot_state_reg[5]_i_2/O, cell design_1_i/SPI_ip_0/inst/SPI_ip_v1_0_S00_AXI_inst/user_SPI_Block/CLOCKDIV/ff3/FSM_onehot_state_reg[5]_i_2. This is not good design practice and will likely impact performance. For SLICE registers, for example, use the CE pin to control the loading of data.
WARNING: [DRC PDRC-153] Gated clock check: Net design_1_i/SPI_ip_0/inst/SPI_ip_v1_0_S00_AXI_inst/user_SPI_Block/FSM/r_reg_reg[0]_P is a gated clock net sourced by a combinational pin design_1_i/SPI_ip_0/inst/SPI_ip_v1_0_S00_AXI_inst/user_SPI_Block/FSM/r_reg_reg[0]_LDC_i_1/O, cell design_1_i/SPI_ip_0/inst/SPI_ip_v1_0_S00_AXI_inst/user_SPI_Block/FSM/r_reg_reg[0]_LDC_i_1. This is not good design practice and will likely impact performance. For SLICE registers, for example, use the CE pin to control the loading of data.
WARNING: [DRC PDRC-153] Gated clock check: Net design_1_i/SPI_ip_0/inst/SPI_ip_v1_0_S00_AXI_inst/user_SPI_Block/FSM/r_reg_reg[10]_P is a gated clock net sourced by a combinational pin design_1_i/SPI_ip_0/inst/SPI_ip_v1_0_S00_AXI_inst/user_SPI_Block/FSM/r_reg_reg[10]_LDC_i_1/O, cell design_1_i/SPI_ip_0/inst/SPI_ip_v1_0_S00_AXI_inst/user_SPI_Block/FSM/r_reg_reg[10]_LDC_i_1. This is not good design practice and will likely impact performance. For SLICE registers, for example, use the CE pin to control the loading of data.
WARNING: [DRC PDRC-153] Gated clock check: Net design_1_i/SPI_ip_0/inst/SPI_ip_v1_0_S00_AXI_inst/user_SPI_Block/FSM/r_reg_reg[11]_P is a gated clock net sourced by a combinational pin design_1_i/SPI_ip_0/inst/SPI_ip_v1_0_S00_AXI_inst/user_SPI_Block/FSM/r_reg_reg[11]_LDC_i_1/O, cell design_1_i/SPI_ip_0/inst/SPI_ip_v1_0_S00_AXI_inst/user_SPI_Block/FSM/r_reg_reg[11]_LDC_i_1. This is not good design practice and will likely impact performance. For SLICE registers, for example, use the CE pin to control the loading of data.
WARNING: [DRC PDRC-153] Gated clock check: Net design_1_i/SPI_ip_0/inst/SPI_ip_v1_0_S00_AXI_inst/user_SPI_Block/FSM/r_reg_reg[12]_P is a gated clock net sourced by a combinational pin design_1_i/SPI_ip_0/inst/SPI_ip_v1_0_S00_AXI_inst/user_SPI_Block/FSM/r_reg_reg[12]_LDC_i_1/O, cell design_1_i/SPI_ip_0/inst/SPI_ip_v1_0_S00_AXI_inst/user_SPI_Block/FSM/r_reg_reg[12]_LDC_i_1. This is not good design practice and will likely impact performance. For SLICE registers, for example, use the CE pin to control the loading of data.
WARNING: [DRC PDRC-153] Gated clock check: Net design_1_i/SPI_ip_0/inst/SPI_ip_v1_0_S00_AXI_inst/user_SPI_Block/FSM/r_reg_reg[13]_P is a gated clock net sourced by a combinational pin design_1_i/SPI_ip_0/inst/SPI_ip_v1_0_S00_AXI_inst/user_SPI_Block/FSM/r_reg_reg[13]_LDC_i_1/O, cell design_1_i/SPI_ip_0/inst/SPI_ip_v1_0_S00_AXI_inst/user_SPI_Block/FSM/r_reg_reg[13]_LDC_i_1. This is not good design practice and will likely impact performance. For SLICE registers, for example, use the CE pin to control the loading of data.
WARNING: [DRC PDRC-153] Gated clock check: Net design_1_i/SPI_ip_0/inst/SPI_ip_v1_0_S00_AXI_inst/user_SPI_Block/FSM/r_reg_reg[14]_P is a gated clock net sourced by a combinational pin design_1_i/SPI_ip_0/inst/SPI_ip_v1_0_S00_AXI_inst/user_SPI_Block/FSM/r_reg_reg[14]_LDC_i_1/O, cell design_1_i/SPI_ip_0/inst/SPI_ip_v1_0_S00_AXI_inst/user_SPI_Block/FSM/r_reg_reg[14]_LDC_i_1. This is not good design practice and will likely impact performance. For SLICE registers, for example, use the CE pin to control the loading of data.
WARNING: [DRC PDRC-153] Gated clock check: Net design_1_i/SPI_ip_0/inst/SPI_ip_v1_0_S00_AXI_inst/user_SPI_Block/FSM/r_reg_reg[15]_P is a gated clock net sourced by a combinational pin design_1_i/SPI_ip_0/inst/SPI_ip_v1_0_S00_AXI_inst/user_SPI_Block/FSM/r_reg_reg[15]_LDC_i_1/O, cell design_1_i/SPI_ip_0/inst/SPI_ip_v1_0_S00_AXI_inst/user_SPI_Block/FSM/r_reg_reg[15]_LDC_i_1. This is not good design practice and will likely impact performance. For SLICE registers, for example, use the CE pin to control the loading of data.
WARNING: [DRC PDRC-153] Gated clock check: Net design_1_i/SPI_ip_0/inst/SPI_ip_v1_0_S00_AXI_inst/user_SPI_Block/FSM/r_reg_reg[16]_P is a gated clock net sourced by a combinational pin design_1_i/SPI_ip_0/inst/SPI_ip_v1_0_S00_AXI_inst/user_SPI_Block/FSM/r_reg_reg[16]_LDC_i_1/O, cell design_1_i/SPI_ip_0/inst/SPI_ip_v1_0_S00_AXI_inst/user_SPI_Block/FSM/r_reg_reg[16]_LDC_i_1. This is not good design practice and will likely impact performance. For SLICE registers, for example, use the CE pin to control the loading of data.
WARNING: [DRC PDRC-153] Gated clock check: Net design_1_i/SPI_ip_0/inst/SPI_ip_v1_0_S00_AXI_inst/user_SPI_Block/FSM/r_reg_reg[17]_P is a gated clock net sourced by a combinational pin design_1_i/SPI_ip_0/inst/SPI_ip_v1_0_S00_AXI_inst/user_SPI_Block/FSM/r_reg_reg[17]_LDC_i_1/O, cell design_1_i/SPI_ip_0/inst/SPI_ip_v1_0_S00_AXI_inst/user_SPI_Block/FSM/r_reg_reg[17]_LDC_i_1. This is not good design practice and will likely impact performance. For SLICE registers, for example, use the CE pin to control the loading of data.
WARNING: [DRC PDRC-153] Gated clock check: Net design_1_i/SPI_ip_0/inst/SPI_ip_v1_0_S00_AXI_inst/user_SPI_Block/FSM/r_reg_reg[18]_P is a gated clock net sourced by a combinational pin design_1_i/SPI_ip_0/inst/SPI_ip_v1_0_S00_AXI_inst/user_SPI_Block/FSM/r_reg_reg[18]_LDC_i_1/O, cell design_1_i/SPI_ip_0/inst/SPI_ip_v1_0_S00_AXI_inst/user_SPI_Block/FSM/r_reg_reg[18]_LDC_i_1. This is not good design practice and will likely impact performance. For SLICE registers, for example, use the CE pin to control the loading of data.
WARNING: [DRC PDRC-153] Gated clock check: Net design_1_i/SPI_ip_0/inst/SPI_ip_v1_0_S00_AXI_inst/user_SPI_Block/FSM/r_reg_reg[19]_P is a gated clock net sourced by a combinational pin design_1_i/SPI_ip_0/inst/SPI_ip_v1_0_S00_AXI_inst/user_SPI_Block/FSM/r_reg_reg[19]_LDC_i_1/O, cell design_1_i/SPI_ip_0/inst/SPI_ip_v1_0_S00_AXI_inst/user_SPI_Block/FSM/r_reg_reg[19]_LDC_i_1. This is not good design practice and will likely impact performance. For SLICE registers, for example, use the CE pin to control the loading of data.
WARNING: [DRC PDRC-153] Gated clock check: Net design_1_i/SPI_ip_0/inst/SPI_ip_v1_0_S00_AXI_inst/user_SPI_Block/FSM/r_reg_reg[1]_P is a gated clock net sourced by a combinational pin design_1_i/SPI_ip_0/inst/SPI_ip_v1_0_S00_AXI_inst/user_SPI_Block/FSM/r_reg_reg[1]_LDC_i_1/O, cell design_1_i/SPI_ip_0/inst/SPI_ip_v1_0_S00_AXI_inst/user_SPI_Block/FSM/r_reg_reg[1]_LDC_i_1. This is not good design practice and will likely impact performance. For SLICE registers, for example, use the CE pin to control the loading of data.
WARNING: [DRC PDRC-153] Gated clock check: Net design_1_i/SPI_ip_0/inst/SPI_ip_v1_0_S00_AXI_inst/user_SPI_Block/FSM/r_reg_reg[20]_P is a gated clock net sourced by a combinational pin design_1_i/SPI_ip_0/inst/SPI_ip_v1_0_S00_AXI_inst/user_SPI_Block/FSM/r_reg_reg[20]_LDC_i_1/O, cell design_1_i/SPI_ip_0/inst/SPI_ip_v1_0_S00_AXI_inst/user_SPI_Block/FSM/r_reg_reg[20]_LDC_i_1. This is not good design practice and will likely impact performance. For SLICE registers, for example, use the CE pin to control the loading of data.
WARNING: [DRC PDRC-153] Gated clock check: Net design_1_i/SPI_ip_0/inst/SPI_ip_v1_0_S00_AXI_inst/user_SPI_Block/FSM/r_reg_reg[21]_P is a gated clock net sourced by a combinational pin design_1_i/SPI_ip_0/inst/SPI_ip_v1_0_S00_AXI_inst/user_SPI_Block/FSM/r_reg_reg[21]_LDC_i_1/O, cell design_1_i/SPI_ip_0/inst/SPI_ip_v1_0_S00_AXI_inst/user_SPI_Block/FSM/r_reg_reg[21]_LDC_i_1. This is not good design practice and will likely impact performance. For SLICE registers, for example, use the CE pin to control the loading of data.
WARNING: [DRC PDRC-153] Gated clock check: Net design_1_i/SPI_ip_0/inst/SPI_ip_v1_0_S00_AXI_inst/user_SPI_Block/FSM/r_reg_reg[22]_P is a gated clock net sourced by a combinational pin design_1_i/SPI_ip_0/inst/SPI_ip_v1_0_S00_AXI_inst/user_SPI_Block/FSM/r_reg_reg[22]_LDC_i_1/O, cell design_1_i/SPI_ip_0/inst/SPI_ip_v1_0_S00_AXI_inst/user_SPI_Block/FSM/r_reg_reg[22]_LDC_i_1. This is not good design practice and will likely impact performance. For SLICE registers, for example, use the CE pin to control the loading of data.
WARNING: [DRC PDRC-153] Gated clock check: Net design_1_i/SPI_ip_0/inst/SPI_ip_v1_0_S00_AXI_inst/user_SPI_Block/FSM/r_reg_reg[23]_P is a gated clock net sourced by a combinational pin design_1_i/SPI_ip_0/inst/SPI_ip_v1_0_S00_AXI_inst/user_SPI_Block/FSM/r_reg_reg[23]_LDC_i_1/O, cell design_1_i/SPI_ip_0/inst/SPI_ip_v1_0_S00_AXI_inst/user_SPI_Block/FSM/r_reg_reg[23]_LDC_i_1. This is not good design practice and will likely impact performance. For SLICE registers, for example, use the CE pin to control the loading of data.
WARNING: [DRC PDRC-153] Gated clock check: Net design_1_i/SPI_ip_0/inst/SPI_ip_v1_0_S00_AXI_inst/user_SPI_Block/FSM/r_reg_reg[2]_P is a gated clock net sourced by a combinational pin design_1_i/SPI_ip_0/inst/SPI_ip_v1_0_S00_AXI_inst/user_SPI_Block/FSM/r_reg_reg[2]_LDC_i_1/O, cell design_1_i/SPI_ip_0/inst/SPI_ip_v1_0_S00_AXI_inst/user_SPI_Block/FSM/r_reg_reg[2]_LDC_i_1. This is not good design practice and will likely impact performance. For SLICE registers, for example, use the CE pin to control the loading of data.
WARNING: [DRC PDRC-153] Gated clock check: Net design_1_i/SPI_ip_0/inst/SPI_ip_v1_0_S00_AXI_inst/user_SPI_Block/FSM/r_reg_reg[3]_P is a gated clock net sourced by a combinational pin design_1_i/SPI_ip_0/inst/SPI_ip_v1_0_S00_AXI_inst/user_SPI_Block/FSM/r_reg_reg[3]_LDC_i_1/O, cell design_1_i/SPI_ip_0/inst/SPI_ip_v1_0_S00_AXI_inst/user_SPI_Block/FSM/r_reg_reg[3]_LDC_i_1. This is not good design practice and will likely impact performance. For SLICE registers, for example, use the CE pin to control the loading of data.
WARNING: [DRC PDRC-153] Gated clock check: Net design_1_i/SPI_ip_0/inst/SPI_ip_v1_0_S00_AXI_inst/user_SPI_Block/FSM/r_reg_reg[4]_P is a gated clock net sourced by a combinational pin design_1_i/SPI_ip_0/inst/SPI_ip_v1_0_S00_AXI_inst/user_SPI_Block/FSM/r_reg_reg[4]_LDC_i_1/O, cell design_1_i/SPI_ip_0/inst/SPI_ip_v1_0_S00_AXI_inst/user_SPI_Block/FSM/r_reg_reg[4]_LDC_i_1. This is not good design practice and will likely impact performance. For SLICE registers, for example, use the CE pin to control the loading of data.
WARNING: [DRC PDRC-153] Gated clock check: Net design_1_i/SPI_ip_0/inst/SPI_ip_v1_0_S00_AXI_inst/user_SPI_Block/FSM/r_reg_reg[4]_P_0 is a gated clock net sourced by a combinational pin design_1_i/SPI_ip_0/inst/SPI_ip_v1_0_S00_AXI_inst/user_SPI_Block/FSM/r_reg_reg[4]_LDC_i_1__0/O, cell design_1_i/SPI_ip_0/inst/SPI_ip_v1_0_S00_AXI_inst/user_SPI_Block/FSM/r_reg_reg[4]_LDC_i_1__0. This is not good design practice and will likely impact performance. For SLICE registers, for example, use the CE pin to control the loading of data.
WARNING: [DRC PDRC-153] Gated clock check: Net design_1_i/SPI_ip_0/inst/SPI_ip_v1_0_S00_AXI_inst/user_SPI_Block/FSM/r_reg_reg[5]_P is a gated clock net sourced by a combinational pin design_1_i/SPI_ip_0/inst/SPI_ip_v1_0_S00_AXI_inst/user_SPI_Block/FSM/r_reg_reg[5]_LDC_i_1/O, cell design_1_i/SPI_ip_0/inst/SPI_ip_v1_0_S00_AXI_inst/user_SPI_Block/FSM/r_reg_reg[5]_LDC_i_1. This is not good design practice and will likely impact performance. For SLICE registers, for example, use the CE pin to control the loading of data.
WARNING: [DRC PDRC-153] Gated clock check: Net design_1_i/SPI_ip_0/inst/SPI_ip_v1_0_S00_AXI_inst/user_SPI_Block/FSM/r_reg_reg[6]_P is a gated clock net sourced by a combinational pin design_1_i/SPI_ip_0/inst/SPI_ip_v1_0_S00_AXI_inst/user_SPI_Block/FSM/r_reg_reg[6]_LDC_i_1/O, cell design_1_i/SPI_ip_0/inst/SPI_ip_v1_0_S00_AXI_inst/user_SPI_Block/FSM/r_reg_reg[6]_LDC_i_1. This is not good design practice and will likely impact performance. For SLICE registers, for example, use the CE pin to control the loading of data.
WARNING: [DRC PDRC-153] Gated clock check: Net design_1_i/SPI_ip_0/inst/SPI_ip_v1_0_S00_AXI_inst/user_SPI_Block/FSM/r_reg_reg[7]_P is a gated clock net sourced by a combinational pin design_1_i/SPI_ip_0/inst/SPI_ip_v1_0_S00_AXI_inst/user_SPI_Block/FSM/r_reg_reg[7]_LDC_i_1/O, cell design_1_i/SPI_ip_0/inst/SPI_ip_v1_0_S00_AXI_inst/user_SPI_Block/FSM/r_reg_reg[7]_LDC_i_1. This is not good design practice and will likely impact performance. For SLICE registers, for example, use the CE pin to control the loading of data.
WARNING: [DRC PDRC-153] Gated clock check: Net design_1_i/SPI_ip_0/inst/SPI_ip_v1_0_S00_AXI_inst/user_SPI_Block/FSM/r_reg_reg[8]_P is a gated clock net sourced by a combinational pin design_1_i/SPI_ip_0/inst/SPI_ip_v1_0_S00_AXI_inst/user_SPI_Block/FSM/r_reg_reg[8]_LDC_i_1/O, cell design_1_i/SPI_ip_0/inst/SPI_ip_v1_0_S00_AXI_inst/user_SPI_Block/FSM/r_reg_reg[8]_LDC_i_1. This is not good design practice and will likely impact performance. For SLICE registers, for example, use the CE pin to control the loading of data.
WARNING: [DRC PDRC-153] Gated clock check: Net design_1_i/SPI_ip_0/inst/SPI_ip_v1_0_S00_AXI_inst/user_SPI_Block/FSM/r_reg_reg[9]_P is a gated clock net sourced by a combinational pin design_1_i/SPI_ip_0/inst/SPI_ip_v1_0_S00_AXI_inst/user_SPI_Block/FSM/r_reg_reg[9]_LDC_i_1/O, cell design_1_i/SPI_ip_0/inst/SPI_ip_v1_0_S00_AXI_inst/user_SPI_Block/FSM/r_reg_reg[9]_LDC_i_1. This is not good design practice and will likely impact performance. For SLICE registers, for example, use the CE pin to control the loading of data.
WARNING: [DRC PDRC-153] Gated clock check: Net design_1_i/axi_gyro_hsi_0/inst/axi_gyro_hsi_v1_0_S00_AXI_inst/GYRO_ADC_OUT_STREAM/CLK_DIV2/ff0/shift is a gated clock net sourced by a combinational pin design_1_i/axi_gyro_hsi_0/inst/axi_gyro_hsi_v1_0_S00_AXI_inst/GYRO_ADC_OUT_STREAM/CLK_DIV2/ff0/out[8]_i_1/O, cell design_1_i/axi_gyro_hsi_0/inst/axi_gyro_hsi_v1_0_S00_AXI_inst/GYRO_ADC_OUT_STREAM/CLK_DIV2/ff0/out[8]_i_1. This is not good design practice and will likely impact performance. For SLICE registers, for example, use the CE pin to control the loading of data.
WARNING: [DRC PDRC-153] Gated clock check: Net design_1_i/axi_gyro_hsi_0/inst/axi_gyro_hsi_v1_0_S00_AXI_inst/GYRO_ADC_OUT_STREAM/GYRO_Packetizer/FSM/clock0 is a gated clock net sourced by a combinational pin design_1_i/axi_gyro_hsi_0/inst/axi_gyro_hsi_v1_0_S00_AXI_inst/GYRO_ADC_OUT_STREAM/GYRO_Packetizer/FSM/r_reg[0]_i_2__0/O, cell design_1_i/axi_gyro_hsi_0/inst/axi_gyro_hsi_v1_0_S00_AXI_inst/GYRO_ADC_OUT_STREAM/GYRO_Packetizer/FSM/r_reg[0]_i_2__0. This is not good design practice and will likely impact performance. For SLICE registers, for example, use the CE pin to control the loading of data.
WARNING: [DRC PDRC-153] Gated clock check: Net design_1_i/axi_gyro_hsi_0/inst/axi_gyro_hsi_v1_0_S00_AXI_inst/GYRO_ADC_OUT_STREAM/GYRO_Packetizer/SR9/r_reg_reg[0] is a gated clock net sourced by a combinational pin design_1_i/axi_gyro_hsi_0/inst/axi_gyro_hsi_v1_0_S00_AXI_inst/GYRO_ADC_OUT_STREAM/GYRO_Packetizer/SR9/r_reg[0]_i_2/O, cell design_1_i/axi_gyro_hsi_0/inst/axi_gyro_hsi_v1_0_S00_AXI_inst/GYRO_ADC_OUT_STREAM/GYRO_Packetizer/SR9/r_reg[0]_i_2. This is not good design practice and will likely impact performance. For SLICE registers, for example, use the CE pin to control the loading of data.
WARNING: [DRC PDRC-153] Gated clock check: Net design_1_i/axi_gyro_hsi_0/inst/axi_gyro_hsi_v1_0_S00_AXI_inst/GYRO_ADC_OUT_STREAM/GYRO_StreamGenerator/FSM/load_state_data_reg_i_1_n_0 is a gated clock net sourced by a combinational pin design_1_i/axi_gyro_hsi_0/inst/axi_gyro_hsi_v1_0_S00_AXI_inst/GYRO_ADC_OUT_STREAM/GYRO_StreamGenerator/FSM/load_state_data_reg_i_1/O, cell design_1_i/axi_gyro_hsi_0/inst/axi_gyro_hsi_v1_0_S00_AXI_inst/GYRO_ADC_OUT_STREAM/GYRO_StreamGenerator/FSM/load_state_data_reg_i_1. This is not good design practice and will likely impact performance. For SLICE registers, for example, use the CE pin to control the loading of data.
WARNING: [DRC PDRC-153] Gated clock check: Net design_1_i/axi_gyro_hsi_0/inst/axi_gyro_hsi_v1_0_S00_AXI_inst/GYRO_ADC_OUT_STREAM/GYRO_StreamGenerator/FSM/r_reg_reg[0]_P is a gated clock net sourced by a combinational pin design_1_i/axi_gyro_hsi_0/inst/axi_gyro_hsi_v1_0_S00_AXI_inst/GYRO_ADC_OUT_STREAM/GYRO_StreamGenerator/FSM/r_reg_reg[15]_LDC_i_1/O, cell design_1_i/axi_gyro_hsi_0/inst/axi_gyro_hsi_v1_0_S00_AXI_inst/GYRO_ADC_OUT_STREAM/GYRO_StreamGenerator/FSM/r_reg_reg[15]_LDC_i_1. This is not good design practice and will likely impact performance. For SLICE registers, for example, use the CE pin to control the loading of data.
WARNING: [DRC PDRC-153] Gated clock check: Net design_1_i/axi_gyro_hsi_0/inst/axi_gyro_hsi_v1_0_S00_AXI_inst/GYRO_ADC_OUT_STREAM/GYRO_StreamGenerator/FSM/r_reg_reg[0]_P_0 is a gated clock net sourced by a combinational pin design_1_i/axi_gyro_hsi_0/inst/axi_gyro_hsi_v1_0_S00_AXI_inst/GYRO_ADC_OUT_STREAM/GYRO_StreamGenerator/FSM/r_reg_reg[0]_LDC_i_1/O, cell design_1_i/axi_gyro_hsi_0/inst/axi_gyro_hsi_v1_0_S00_AXI_inst/GYRO_ADC_OUT_STREAM/GYRO_StreamGenerator/FSM/r_reg_reg[0]_LDC_i_1. This is not good design practice and will likely impact performance. For SLICE registers, for example, use the CE pin to control the loading of data.
WARNING: [DRC PDRC-153] Gated clock check: Net design_1_i/axi_gyro_hsi_0/inst/axi_gyro_hsi_v1_0_S00_AXI_inst/GYRO_ADC_OUT_STREAM/GYRO_StreamGenerator/FSM/r_reg_reg[10]_P is a gated clock net sourced by a combinational pin design_1_i/axi_gyro_hsi_0/inst/axi_gyro_hsi_v1_0_S00_AXI_inst/GYRO_ADC_OUT_STREAM/GYRO_StreamGenerator/FSM/r_reg_reg[10]_LDC_i_1/O, cell design_1_i/axi_gyro_hsi_0/inst/axi_gyro_hsi_v1_0_S00_AXI_inst/GYRO_ADC_OUT_STREAM/GYRO_StreamGenerator/FSM/r_reg_reg[10]_LDC_i_1. This is not good design practice and will likely impact performance. For SLICE registers, for example, use the CE pin to control the loading of data.
WARNING: [DRC PDRC-153] Gated clock check: Net design_1_i/axi_gyro_hsi_0/inst/axi_gyro_hsi_v1_0_S00_AXI_inst/GYRO_ADC_OUT_STREAM/GYRO_StreamGenerator/FSM/r_reg_reg[11]_P is a gated clock net sourced by a combinational pin design_1_i/axi_gyro_hsi_0/inst/axi_gyro_hsi_v1_0_S00_AXI_inst/GYRO_ADC_OUT_STREAM/GYRO_StreamGenerator/FSM/r_reg_reg[11]_LDC_i_1/O, cell design_1_i/axi_gyro_hsi_0/inst/axi_gyro_hsi_v1_0_S00_AXI_inst/GYRO_ADC_OUT_STREAM/GYRO_StreamGenerator/FSM/r_reg_reg[11]_LDC_i_1. This is not good design practice and will likely impact performance. For SLICE registers, for example, use the CE pin to control the loading of data.
WARNING: [DRC PDRC-153] Gated clock check: Net design_1_i/axi_gyro_hsi_0/inst/axi_gyro_hsi_v1_0_S00_AXI_inst/GYRO_ADC_OUT_STREAM/GYRO_StreamGenerator/FSM/r_reg_reg[12]_P is a gated clock net sourced by a combinational pin design_1_i/axi_gyro_hsi_0/inst/axi_gyro_hsi_v1_0_S00_AXI_inst/GYRO_ADC_OUT_STREAM/GYRO_StreamGenerator/FSM/r_reg_reg[12]_LDC_i_1/O, cell design_1_i/axi_gyro_hsi_0/inst/axi_gyro_hsi_v1_0_S00_AXI_inst/GYRO_ADC_OUT_STREAM/GYRO_StreamGenerator/FSM/r_reg_reg[12]_LDC_i_1. This is not good design practice and will likely impact performance. For SLICE registers, for example, use the CE pin to control the loading of data.
WARNING: [DRC PDRC-153] Gated clock check: Net design_1_i/axi_gyro_hsi_0/inst/axi_gyro_hsi_v1_0_S00_AXI_inst/GYRO_ADC_OUT_STREAM/GYRO_StreamGenerator/FSM/r_reg_reg[13]_P is a gated clock net sourced by a combinational pin design_1_i/axi_gyro_hsi_0/inst/axi_gyro_hsi_v1_0_S00_AXI_inst/GYRO_ADC_OUT_STREAM/GYRO_StreamGenerator/FSM/r_reg_reg[13]_LDC_i_1/O, cell design_1_i/axi_gyro_hsi_0/inst/axi_gyro_hsi_v1_0_S00_AXI_inst/GYRO_ADC_OUT_STREAM/GYRO_StreamGenerator/FSM/r_reg_reg[13]_LDC_i_1. This is not good design practice and will likely impact performance. For SLICE registers, for example, use the CE pin to control the loading of data.
WARNING: [DRC PDRC-153] Gated clock check: Net design_1_i/axi_gyro_hsi_0/inst/axi_gyro_hsi_v1_0_S00_AXI_inst/GYRO_ADC_OUT_STREAM/GYRO_StreamGenerator/FSM/r_reg_reg[14]_P is a gated clock net sourced by a combinational pin design_1_i/axi_gyro_hsi_0/inst/axi_gyro_hsi_v1_0_S00_AXI_inst/GYRO_ADC_OUT_STREAM/GYRO_StreamGenerator/FSM/r_reg_reg[14]_LDC_i_1/O, cell design_1_i/axi_gyro_hsi_0/inst/axi_gyro_hsi_v1_0_S00_AXI_inst/GYRO_ADC_OUT_STREAM/GYRO_StreamGenerator/FSM/r_reg_reg[14]_LDC_i_1. This is not good design practice and will likely impact performance. For SLICE registers, for example, use the CE pin to control the loading of data.
WARNING: [DRC PDRC-153] Gated clock check: Net design_1_i/axi_gyro_hsi_0/inst/axi_gyro_hsi_v1_0_S00_AXI_inst/GYRO_ADC_OUT_STREAM/GYRO_StreamGenerator/FSM/r_reg_reg[15]_P is a gated clock net sourced by a combinational pin design_1_i/axi_gyro_hsi_0/inst/axi_gyro_hsi_v1_0_S00_AXI_inst/GYRO_ADC_OUT_STREAM/GYRO_StreamGenerator/FSM/r_reg_reg[15]_LDC_i_1__0/O, cell design_1_i/axi_gyro_hsi_0/inst/axi_gyro_hsi_v1_0_S00_AXI_inst/GYRO_ADC_OUT_STREAM/GYRO_StreamGenerator/FSM/r_reg_reg[15]_LDC_i_1__0. This is not good design practice and will likely impact performance. For SLICE registers, for example, use the CE pin to control the loading of data.
WARNING: [DRC PDRC-153] Gated clock check: Net design_1_i/axi_gyro_hsi_0/inst/axi_gyro_hsi_v1_0_S00_AXI_inst/GYRO_ADC_OUT_STREAM/GYRO_StreamGenerator/FSM/r_reg_reg[1]_P is a gated clock net sourced by a combinational pin design_1_i/axi_gyro_hsi_0/inst/axi_gyro_hsi_v1_0_S00_AXI_inst/GYRO_ADC_OUT_STREAM/GYRO_StreamGenerator/FSM/r_reg_reg[1]_LDC_i_1/O, cell design_1_i/axi_gyro_hsi_0/inst/axi_gyro_hsi_v1_0_S00_AXI_inst/GYRO_ADC_OUT_STREAM/GYRO_StreamGenerator/FSM/r_reg_reg[1]_LDC_i_1. This is not good design practice and will likely impact performance. For SLICE registers, for example, use the CE pin to control the loading of data.
WARNING: [DRC PDRC-153] Gated clock check: Net design_1_i/axi_gyro_hsi_0/inst/axi_gyro_hsi_v1_0_S00_AXI_inst/GYRO_ADC_OUT_STREAM/GYRO_StreamGenerator/FSM/r_reg_reg[2]_P is a gated clock net sourced by a combinational pin design_1_i/axi_gyro_hsi_0/inst/axi_gyro_hsi_v1_0_S00_AXI_inst/GYRO_ADC_OUT_STREAM/GYRO_StreamGenerator/FSM/r_reg_reg[2]_LDC_i_1/O, cell design_1_i/axi_gyro_hsi_0/inst/axi_gyro_hsi_v1_0_S00_AXI_inst/GYRO_ADC_OUT_STREAM/GYRO_StreamGenerator/FSM/r_reg_reg[2]_LDC_i_1. This is not good design practice and will likely impact performance. For SLICE registers, for example, use the CE pin to control the loading of data.
WARNING: [DRC PDRC-153] Gated clock check: Net design_1_i/axi_gyro_hsi_0/inst/axi_gyro_hsi_v1_0_S00_AXI_inst/GYRO_ADC_OUT_STREAM/GYRO_StreamGenerator/FSM/r_reg_reg[3]_P is a gated clock net sourced by a combinational pin design_1_i/axi_gyro_hsi_0/inst/axi_gyro_hsi_v1_0_S00_AXI_inst/GYRO_ADC_OUT_STREAM/GYRO_StreamGenerator/FSM/r_reg_reg[3]_LDC_i_1/O, cell design_1_i/axi_gyro_hsi_0/inst/axi_gyro_hsi_v1_0_S00_AXI_inst/GYRO_ADC_OUT_STREAM/GYRO_StreamGenerator/FSM/r_reg_reg[3]_LDC_i_1. This is not good design practice and will likely impact performance. For SLICE registers, for example, use the CE pin to control the loading of data.
WARNING: [DRC PDRC-153] Gated clock check: Net design_1_i/axi_gyro_hsi_0/inst/axi_gyro_hsi_v1_0_S00_AXI_inst/GYRO_ADC_OUT_STREAM/GYRO_StreamGenerator/FSM/r_reg_reg[4]_P is a gated clock net sourced by a combinational pin design_1_i/axi_gyro_hsi_0/inst/axi_gyro_hsi_v1_0_S00_AXI_inst/GYRO_ADC_OUT_STREAM/GYRO_StreamGenerator/FSM/r_reg_reg[5]_LDC_i_1/O, cell design_1_i/axi_gyro_hsi_0/inst/axi_gyro_hsi_v1_0_S00_AXI_inst/GYRO_ADC_OUT_STREAM/GYRO_StreamGenerator/FSM/r_reg_reg[5]_LDC_i_1. This is not good design practice and will likely impact performance. For SLICE registers, for example, use the CE pin to control the loading of data.
WARNING: [DRC PDRC-153] Gated clock check: Net design_1_i/axi_gyro_hsi_0/inst/axi_gyro_hsi_v1_0_S00_AXI_inst/GYRO_ADC_OUT_STREAM/GYRO_StreamGenerator/FSM/r_reg_reg[4]_P_0 is a gated clock net sourced by a combinational pin design_1_i/axi_gyro_hsi_0/inst/axi_gyro_hsi_v1_0_S00_AXI_inst/GYRO_ADC_OUT_STREAM/GYRO_StreamGenerator/FSM/r_reg_reg[4]_LDC_i_1/O, cell design_1_i/axi_gyro_hsi_0/inst/axi_gyro_hsi_v1_0_S00_AXI_inst/GYRO_ADC_OUT_STREAM/GYRO_StreamGenerator/FSM/r_reg_reg[4]_LDC_i_1. This is not good design practice and will likely impact performance. For SLICE registers, for example, use the CE pin to control the loading of data.
WARNING: [DRC PDRC-153] Gated clock check: Net design_1_i/axi_gyro_hsi_0/inst/axi_gyro_hsi_v1_0_S00_AXI_inst/GYRO_ADC_OUT_STREAM/GYRO_StreamGenerator/FSM/r_reg_reg[5]_P is a gated clock net sourced by a combinational pin design_1_i/axi_gyro_hsi_0/inst/axi_gyro_hsi_v1_0_S00_AXI_inst/GYRO_ADC_OUT_STREAM/GYRO_StreamGenerator/FSM/r_reg_reg[5]_LDC_i_1__0/O, cell design_1_i/axi_gyro_hsi_0/inst/axi_gyro_hsi_v1_0_S00_AXI_inst/GYRO_ADC_OUT_STREAM/GYRO_StreamGenerator/FSM/r_reg_reg[5]_LDC_i_1__0. This is not good design practice and will likely impact performance. For SLICE registers, for example, use the CE pin to control the loading of data.
WARNING: [DRC PDRC-153] Gated clock check: Net design_1_i/axi_gyro_hsi_0/inst/axi_gyro_hsi_v1_0_S00_AXI_inst/GYRO_ADC_OUT_STREAM/GYRO_StreamGenerator/FSM/r_reg_reg[6]_P is a gated clock net sourced by a combinational pin design_1_i/axi_gyro_hsi_0/inst/axi_gyro_hsi_v1_0_S00_AXI_inst/GYRO_ADC_OUT_STREAM/GYRO_StreamGenerator/FSM/r_reg_reg[6]_LDC_i_1/O, cell design_1_i/axi_gyro_hsi_0/inst/axi_gyro_hsi_v1_0_S00_AXI_inst/GYRO_ADC_OUT_STREAM/GYRO_StreamGenerator/FSM/r_reg_reg[6]_LDC_i_1. This is not good design practice and will likely impact performance. For SLICE registers, for example, use the CE pin to control the loading of data.
WARNING: [DRC PDRC-153] Gated clock check: Net design_1_i/axi_gyro_hsi_0/inst/axi_gyro_hsi_v1_0_S00_AXI_inst/GYRO_ADC_OUT_STREAM/GYRO_StreamGenerator/FSM/r_reg_reg[7]_P is a gated clock net sourced by a combinational pin design_1_i/axi_gyro_hsi_0/inst/axi_gyro_hsi_v1_0_S00_AXI_inst/GYRO_ADC_OUT_STREAM/GYRO_StreamGenerator/FSM/r_reg_reg[7]_LDC_i_1/O, cell design_1_i/axi_gyro_hsi_0/inst/axi_gyro_hsi_v1_0_S00_AXI_inst/GYRO_ADC_OUT_STREAM/GYRO_StreamGenerator/FSM/r_reg_reg[7]_LDC_i_1. This is not good design practice and will likely impact performance. For SLICE registers, for example, use the CE pin to control the loading of data.
WARNING: [DRC PDRC-153] Gated clock check: Net design_1_i/axi_gyro_hsi_0/inst/axi_gyro_hsi_v1_0_S00_AXI_inst/GYRO_ADC_OUT_STREAM/GYRO_StreamGenerator/FSM/r_reg_reg[8]_P is a gated clock net sourced by a combinational pin design_1_i/axi_gyro_hsi_0/inst/axi_gyro_hsi_v1_0_S00_AXI_inst/GYRO_ADC_OUT_STREAM/GYRO_StreamGenerator/FSM/r_reg_reg[8]_LDC_i_1/O, cell design_1_i/axi_gyro_hsi_0/inst/axi_gyro_hsi_v1_0_S00_AXI_inst/GYRO_ADC_OUT_STREAM/GYRO_StreamGenerator/FSM/r_reg_reg[8]_LDC_i_1. This is not good design practice and will likely impact performance. For SLICE registers, for example, use the CE pin to control the loading of data.
WARNING: [DRC PDRC-153] Gated clock check: Net design_1_i/axi_gyro_hsi_0/inst/axi_gyro_hsi_v1_0_S00_AXI_inst/GYRO_ADC_OUT_STREAM/GYRO_StreamGenerator/FSM/r_reg_reg[9]_P is a gated clock net sourced by a combinational pin design_1_i/axi_gyro_hsi_0/inst/axi_gyro_hsi_v1_0_S00_AXI_inst/GYRO_ADC_OUT_STREAM/GYRO_StreamGenerator/FSM/r_reg_reg[9]_LDC_i_1/O, cell design_1_i/axi_gyro_hsi_0/inst/axi_gyro_hsi_v1_0_S00_AXI_inst/GYRO_ADC_OUT_STREAM/GYRO_StreamGenerator/FSM/r_reg_reg[9]_LDC_i_1. This is not good design practice and will likely impact performance. For SLICE registers, for example, use the CE pin to control the loading of data.
WARNING: [DRC PLHOLDVIO-2] Non-Optimal connections which could lead to hold violations: A LUT design_1_i/axi_gyro_hsi_0/inst/axi_gyro_hsi_v1_0_S00_AXI_inst/GYRO_ADC_OUT_STREAM/CLK_DIV2/ff0/out[8]_i_1 is driving clock pin of 11 cells. This could lead to large hold time violations. First few involved cells are:
    design_1_i/axi_gyro_hsi_0/inst/axi_gyro_hsi_v1_0_S00_AXI_inst/GYRO_ADC_OUT_STREAM/GYRO_Packetizer/SR9/out_reg[5]_srl6_inst_axi_gyro_hsi_v1_0_S00_AXI_inst_GYRO_ADC_OUT_STREAM_GYRO_Packetizer_SR9_out_reg_c_4 {SRL16E}
    design_1_i/axi_gyro_hsi_0/inst/axi_gyro_hsi_v1_0_S00_AXI_inst/GYRO_ADC_OUT_STREAM/GYRO_Packetizer/SR9/out_reg[6]_inst_axi_gyro_hsi_v1_0_S00_AXI_inst_GYRO_ADC_OUT_STREAM_GYRO_Packetizer_SR9_out_reg_c_5 {FDRE}
    design_1_i/axi_gyro_hsi_0/inst/axi_gyro_hsi_v1_0_S00_AXI_inst/GYRO_ADC_OUT_STREAM/GYRO_Packetizer/SR9/out_reg[7] {FDCE}
    design_1_i/axi_gyro_hsi_0/inst/axi_gyro_hsi_v1_0_S00_AXI_inst/GYRO_ADC_OUT_STREAM/GYRO_Packetizer/SR9/out_reg[8] {FDCE}
    design_1_i/axi_gyro_hsi_0/inst/axi_gyro_hsi_v1_0_S00_AXI_inst/GYRO_ADC_OUT_STREAM/GYRO_Packetizer/SR9/out_reg_c {FDCE}
    design_1_i/axi_gyro_hsi_0/inst/axi_gyro_hsi_v1_0_S00_AXI_inst/GYRO_ADC_OUT_STREAM/GYRO_Packetizer/SR9/out_reg_c_0 {FDCE}
    design_1_i/axi_gyro_hsi_0/inst/axi_gyro_hsi_v1_0_S00_AXI_inst/GYRO_ADC_OUT_STREAM/GYRO_Packetizer/SR9/out_reg_c_1 {FDCE}
    design_1_i/axi_gyro_hsi_0/inst/axi_gyro_hsi_v1_0_S00_AXI_inst/GYRO_ADC_OUT_STREAM/GYRO_Packetizer/SR9/out_reg_c_2 {FDCE}
    design_1_i/axi_gyro_hsi_0/inst/axi_gyro_hsi_v1_0_S00_AXI_inst/GYRO_ADC_OUT_STREAM/GYRO_Packetizer/SR9/out_reg_c_3 {FDCE}
WARNING: [DRC PLHOLDVIO-2] Non-Optimal connections which could lead to hold violations: A LUT design_1_i/axi_gyro_hsi_0/inst/axi_gyro_hsi_v1_0_S00_AXI_inst/GYRO_ADC_OUT_STREAM/GYRO_Packetizer/FSM/r_reg[0]_i_2__0 is driving clock pin of 16 cells. This could lead to large hold time violations. First few involved cells are:
    design_1_i/axi_gyro_hsi_0/inst/axi_gyro_hsi_v1_0_S00_AXI_inst/GYRO_ADC_OUT_STREAM/GYRO_Debugger/CNTR2/r_reg_reg[0] {FDCE}
    design_1_i/axi_gyro_hsi_0/inst/axi_gyro_hsi_v1_0_S00_AXI_inst/GYRO_ADC_OUT_STREAM/GYRO_Debugger/CNTR2/r_reg_reg[10] {FDCE}
    design_1_i/axi_gyro_hsi_0/inst/axi_gyro_hsi_v1_0_S00_AXI_inst/GYRO_ADC_OUT_STREAM/GYRO_Debugger/CNTR2/r_reg_reg[11] {FDCE}
    design_1_i/axi_gyro_hsi_0/inst/axi_gyro_hsi_v1_0_S00_AXI_inst/GYRO_ADC_OUT_STREAM/GYRO_Debugger/CNTR2/r_reg_reg[12] {FDCE}
    design_1_i/axi_gyro_hsi_0/inst/axi_gyro_hsi_v1_0_S00_AXI_inst/GYRO_ADC_OUT_STREAM/GYRO_Debugger/CNTR2/r_reg_reg[13] {FDCE}
    design_1_i/axi_gyro_hsi_0/inst/axi_gyro_hsi_v1_0_S00_AXI_inst/GYRO_ADC_OUT_STREAM/GYRO_Debugger/CNTR2/r_reg_reg[14] {FDCE}
    design_1_i/axi_gyro_hsi_0/inst/axi_gyro_hsi_v1_0_S00_AXI_inst/GYRO_ADC_OUT_STREAM/GYRO_Debugger/CNTR2/r_reg_reg[15] {FDCE}
    design_1_i/axi_gyro_hsi_0/inst/axi_gyro_hsi_v1_0_S00_AXI_inst/GYRO_ADC_OUT_STREAM/GYRO_Debugger/CNTR2/r_reg_reg[1] {FDCE}
    design_1_i/axi_gyro_hsi_0/inst/axi_gyro_hsi_v1_0_S00_AXI_inst/GYRO_ADC_OUT_STREAM/GYRO_Debugger/CNTR2/r_reg_reg[2] {FDCE}
WARNING: [DRC PLHOLDVIO-2] Non-Optimal connections which could lead to hold violations: A LUT design_1_i/axi_gyro_hsi_0/inst/axi_gyro_hsi_v1_0_S00_AXI_inst/GYRO_ADC_OUT_STREAM/GYRO_Packetizer/SR9/r_reg[0]_i_2 is driving clock pin of 16 cells. This could lead to large hold time violations. First few involved cells are:
    design_1_i/axi_gyro_hsi_0/inst/axi_gyro_hsi_v1_0_S00_AXI_inst/GYRO_ADC_OUT_STREAM/GYRO_Debugger/CNTR1/r_reg_reg[0] {FDCE}
    design_1_i/axi_gyro_hsi_0/inst/axi_gyro_hsi_v1_0_S00_AXI_inst/GYRO_ADC_OUT_STREAM/GYRO_Debugger/CNTR1/r_reg_reg[10] {FDCE}
    design_1_i/axi_gyro_hsi_0/inst/axi_gyro_hsi_v1_0_S00_AXI_inst/GYRO_ADC_OUT_STREAM/GYRO_Debugger/CNTR1/r_reg_reg[11] {FDCE}
    design_1_i/axi_gyro_hsi_0/inst/axi_gyro_hsi_v1_0_S00_AXI_inst/GYRO_ADC_OUT_STREAM/GYRO_Debugger/CNTR1/r_reg_reg[12] {FDCE}
    design_1_i/axi_gyro_hsi_0/inst/axi_gyro_hsi_v1_0_S00_AXI_inst/GYRO_ADC_OUT_STREAM/GYRO_Debugger/CNTR1/r_reg_reg[13] {FDCE}
    design_1_i/axi_gyro_hsi_0/inst/axi_gyro_hsi_v1_0_S00_AXI_inst/GYRO_ADC_OUT_STREAM/GYRO_Debugger/CNTR1/r_reg_reg[14] {FDCE}
    design_1_i/axi_gyro_hsi_0/inst/axi_gyro_hsi_v1_0_S00_AXI_inst/GYRO_ADC_OUT_STREAM/GYRO_Debugger/CNTR1/r_reg_reg[15] {FDCE}
    design_1_i/axi_gyro_hsi_0/inst/axi_gyro_hsi_v1_0_S00_AXI_inst/GYRO_ADC_OUT_STREAM/GYRO_Debugger/CNTR1/r_reg_reg[1] {FDCE}
    design_1_i/axi_gyro_hsi_0/inst/axi_gyro_hsi_v1_0_S00_AXI_inst/GYRO_ADC_OUT_STREAM/GYRO_Debugger/CNTR1/r_reg_reg[2] {FDCE}
INFO: [Vivado 12-3199] DRC finished with 0 Errors, 51 Warnings
INFO: [Vivado 12-3200] Please refer to the DRC report (report_drc) for more information.
INFO: [Designutils 20-2272] Running write_bitstream with 2 threads.
Loading data files...
Loading site data...
Loading route data...
Processing options...
Creating bitmap...
Creating bitstream...
Writing bitstream ./design_1_wrapper.bit...
INFO: [Vivado 12-1842] Bitgen Completed Successfully.
INFO: [Project 1-120] WebTalk data collection is mandatory when using a WebPACK part without a full Vivado license. To see the specific WebTalk data collected for your design, open the usage_statistics_webtalk.html or usage_statistics_webtalk.xml file in the implementation directory.
INFO: [Common 17-186] 'C:/Xilinx/Vivado/projects/project_GYRO_Jan_25_2019/project_GYRO_Jan_25_2019.runs/impl_1/usage_statistics_webtalk.xml' has been successfully sent to Xilinx on Fri Feb  1 15:56:24 2019. For additional details about this file, please refer to the WebTalk help file at E:/xilinx/Vivado/2018.2/doc/webtalk_introduction.html.
INFO: [Common 17-83] Releasing license: Implementation
23 Infos, 51 Warnings, 0 Critical Warnings and 0 Errors encountered.
write_bitstream completed successfully
write_bitstream: Time (s): cpu = 00:00:20 ; elapsed = 00:00:21 . Memory (MB): peak = 1586.973 ; gain = 483.973
INFO: [Common 17-206] Exiting Vivado at Fri Feb  1 15:56:24 2019...
